#
# There is insufficient memory for the Java Runtime Environment to continue.
# Native memory allocation (malloc) failed to allocate 139460608 bytes for committing reserved memory.
# Possible reasons:
#   The system is out of physical RAM or swap space
#   In 32 bit mode, the process size limit was hit
# Possible solutions:
#   Reduce memory load on the system
#   Increase physical memory or swap space
#   Check if swap backing store is full
#   Use 64 bit Java on a 64 bit OS
#   Decrease Java heap size (-Xmx/-Xms)
#   Decrease number of Java threads
#   Decrease Java thread stack sizes (-Xss)
#   Set larger code cache with -XX:ReservedCodeCacheSize=
# This output file may be truncated or incomplete.
#
#  Out of Memory Error (os_linux.cpp:2827), pid=15427, tid=1745673024
#
# JRE version: OpenJDK Runtime Environment (7.0_95) (build 1.7.0_95-b00)
# Java VM: OpenJDK Server VM (24.95-b01 mixed mode linux-x86 )
# Derivative: IcedTea 2.6.4
# Distribution: Ubuntu 14.04.3 LTS, package 7u95-2.6.4-0ubuntu0.14.04.1
# Failed to write core dump. Core dumps have been disabled. To enable core dumping, try "ulimit -c unlimited" before starting Java again
#

---------------  T H R E A D  ---------------

Current thread (0x67f10400):  VMThread [stack: 0x6804d000,0x680ce000] [id=15434]

Stack: [0x6804d000,0x680ce000]
VM_Operation (0x6730ba78): ParallelGCFailedAllocation, mode: safepoint, requested by thread 0x67401c00


---------------  P R O C E S S  ---------------

Java Threads: ( => current thread )
  0x67403000 JavaThread "pool-2-thread-4" [_thread_blocked, id=15446, stack(0x6726b000,0x672bc000)]
  0x67401c00 JavaThread "pool-2-thread-3" [_thread_blocked, id=15445, stack(0x672bc000,0x6730d000)]
  0x67400c00 JavaThread "pool-2-thread-2" [_thread_blocked, id=15444, stack(0x6730d000,0x6735e000)]
  0x67ff9400 JavaThread "pool-3-thread-1" [_thread_blocked, id=15443, stack(0x6735e000,0x673af000)]
  0x67ffe000 JavaThread "pool-2-thread-1" [_thread_blocked, id=15442, stack(0x673af000,0x67400000)]
  0x67f2b800 JavaThread "Service Thread" daemon [_thread_blocked, id=15440, stack(0x67b0b000,0x67b5c000)]
  0x67f29800 JavaThread "C2 CompilerThread1" daemon [_thread_blocked, id=15439, stack(0x67b5c000,0x67bdd000)]
  0x67f27800 JavaThread "C2 CompilerThread0" daemon [_thread_blocked, id=15438, stack(0x67bdd000,0x67c5e000)]
  0x67f25c00 JavaThread "Signal Dispatcher" daemon [_thread_blocked, id=15437, stack(0x67c5e000,0x67caf000)]
  0x67f14400 JavaThread "Finalizer" daemon [_thread_blocked, id=15436, stack(0x67eaf000,0x67f00000)]
  0x67f12c00 JavaThread "Reference Handler" daemon [_thread_blocked, id=15435, stack(0x6ac0b000,0x6ac5c000)]
  0xb6407c00 JavaThread "main" [_thread_blocked, id=15431, stack(0xb6564000,0xb65b5000)]

Other Threads:
=>0x67f10400 VMThread [stack: 0x6804d000,0x680ce000] [id=15434]
  0x67f2d800 WatcherThread [stack: 0x67a8a000,0x67b0b000] [id=15441]

VM state:at safepoint (normal execution)

VM Mutex/Monitor currently owned by a thread:  ([mutex/lock_event])
[0xb6404e58] ExpandHeap_lock - owner thread: 0x67f10400
[0xb64053a0] Threads_lock - owner thread: 0x67f10400
[0xb64057b0] Heap_lock - owner thread: 0x67401c00

Heap
 PSYoungGen      total 268288K, used 3614K [0x9dd80000, 0xb3300000, 0xb3300000)
  eden space 181760K, 0% used [0x9dd80000,0x9dd80000,0xa8f00000)
  from space 86528K, 4% used [0xade80000,0xae207970,0xb3300000)
  to   space 81408K, 0% used [0xa8f00000,0xa8f00000,0xade80000)
 ParOldGen       total 354048K, used 353911K [0x73300000, 0x88cc0000, 0x9dd80000)
  object space 354048K, 99% used [0x73300000,0x88c9dd70,0x88cc0000)
 PSPermGen       total 16384K, used 4434K [0x6b300000, 0x6c300000, 0x73300000)
  object space 16384K, 27% used [0x6b300000,0x6b7548c0,0x6c300000)

Card table byte_map: [0x6b0bf000,0x6b300000] byte_map_base: 0x6ad65800

Polling page: 0xb7768000

Code Cache  [0xb33da000, 0xb383a000, 0xb63da000)
 total_blobs=1414 nmethods=1292 adapters=76 free_code_cache=44742Kb largest_free_block=45769024

Compilation events (10 events):
Event: 54.291 Thread 0x67f27800 nmethod 1329 0xb37323c8 code [0xb37324a0, 0xb37324f0]
Event: 54.291 Thread 0x67f27800 1330             com.android.dx.dex.cf.CfTranslator::coerceConstant (144 bytes)
Event: 54.294 Thread 0x67f27800 nmethod 1330 0xb381d508 code [0xb381d640, 0xb381d8c4]
Event: 55.482 Thread 0x67f29800 1331   !         java.util.zip.Inflater::ended (32 bytes)
Event: 55.483 Thread 0x67f29800 nmethod 1331 0xb381d108 code [0xb381d220, 0xb381d410]
Event: 57.414 Thread 0x67f29800 1332             com.android.dx.rop.type.Type::isReference (15 bytes)
Event: 57.414 Thread 0x67f29800 nmethod 1332 0xb381cf88 code [0xb381d060, 0xb381d0b0]
Event: 57.732 Thread 0x67f27800 1333             com.android.dx.ssa.back.FirstFitLocalCombiningAllocator::fitPlanForRange (250 bytes)
Event: 57.776 Thread 0x67f27800 nmethod 1333 0xb382f488 code [0xb382f700, 0xb3831044]
Event: 57.846 Thread 0x67f29800 1334             com.android.dx.ssa.SsaBasicBlock::scheduleUseBeforeAssigned (389 bytes)

GC Heap History (10 events):
Event: 33.950 GC heap after
Heap after GC invocations=20 (full 3):
 PSYoungGen      total 275712K, used 35224K [0x9dd80000, 0xb3300000, 0xb3300000)
  eden space 201728K, 0% used [0x9dd80000,0x9dd80000,0xaa280000)
  from space 73984K, 47% used [0xaa280000,0xac4e61f0,0xaeac0000)
  to   space 72448K, 0% used [0xaec40000,0xaec40000,0xb3300000)
 ParOldGen       total 240640K, used 240585K [0x73300000, 0x81e00000, 0x9dd80000)
  object space 240640K, 99% used [0x73300000,0x81df24a8,0x81e00000)
 PSPermGen       total 16384K, used 4422K [0x6b300000, 0x6c300000, 0x73300000)
  object space 16384K, 26% used [0x6b300000,0x6b751a78,0x6c300000)
}
Event: 33.950 GC heap before
{Heap before GC invocations=21 (full 4):
 PSYoungGen      total 275712K, used 35224K [0x9dd80000, 0xb3300000, 0xb3300000)
  eden space 201728K, 0% used [0x9dd80000,0x9dd80000,0xaa280000)
  from space 73984K, 47% used [0xaa280000,0xac4e61f0,0xaeac0000)
  to   space 72448K, 0% used [0xaec40000,0xaec40000,0xb3300000)
 ParOldGen       total 240640K, used 240585K [0x73300000, 0x81e00000, 0x9dd80000)
  object space 240640K, 99% used [0x73300000,0x81df24a8,0x81e00000)
 PSPermGen       total 16384K, used 4422K [0x6b300000, 0x6c300000, 0x73300000)
  object space 16384K, 26% used [0x6b300000,0x6b751a78,0x6c300000)
Event: 36.726 GC heap after
Heap after GC invocations=21 (full 4):
 PSYoungGen      total 275712K, used 29072K [0x9dd80000, 0xb3300000, 0xb3300000)
  eden space 201728K, 0% used [0x9dd80000,0x9dd80000,0xaa280000)
  from space 73984K, 39% used [0xaa280000,0xabee43d8,0xaeac0000)
  to   space 72448K, 0% used [0xaec40000,0xaec40000,0xb3300000)
 ParOldGen       total 354048K, used 240436K [0x73300000, 0x88cc0000, 0x9dd80000)
  object space 354048K, 67% used [0x73300000,0x81dcd300,0x88cc0000)
 PSPermGen       total 16384K, used 4422K [0x6b300000, 0x6c300000, 0x73300000)
  object space 16384K, 26% used [0x6b300000,0x6b7519b8,0x6c300000)
}
Event: 45.983 GC heap before
{Heap before GC invocations=22 (full 4):
 PSYoungGen      total 275712K, used 230800K [0x9dd80000, 0xb3300000, 0xb3300000)
  eden space 201728K, 100% used [0x9dd80000,0xaa280000,0xaa280000)
  from space 73984K, 39% used [0xaa280000,0xabee43d8,0xaeac0000)
  to   space 72448K, 0% used [0xaec40000,0xaec40000,0xb3300000)
 ParOldGen       total 354048K, used 240436K [0x73300000, 0x88cc0000, 0x9dd80000)
  object space 354048K, 67% used [0x73300000,0x81dcd300,0x88cc0000)
 PSPermGen       total 16384K, used 4428K [0x6b300000, 0x6c300000, 0x73300000)
  object space 16384K, 27% used [0x6b300000,0x6b753308,0x6c300000)
Event: 47.721 GC heap after
Heap after GC invocations=22 (full 4):
 PSYoungGen      total 262400K, used 59966K [0x9dd80000, 0xb3300000, 0xb3300000)
  eden space 189952K, 0% used [0x9dd80000,0x9dd80000,0xa9700000)
  from space 72448K, 82% used [0xaec40000,0xb26cf948,0xb3300000)
  to   space 79872K, 0% used [0xa9700000,0xa9700000,0xae500000)
 ParOldGen       total 354048K, used 240436K [0x73300000, 0x88cc0000, 0x9dd80000)
  object space 354048K, 67% used [0x73300000,0x81dcd300,0x88cc0000)
 PSPermGen       total 16384K, used 4428K [0x6b300000, 0x6c300000, 0x73300000)
  object space 16384K, 27% used [0x6b300000,0x6b753308,0x6c300000)
}
Event: 50.209 GC heap before
{Heap before GC invocations=23 (full 4):
 PSYoungGen      total 262400K, used 249918K [0x9dd80000, 0xb3300000, 0xb3300000)
  eden space 189952K, 100% used [0x9dd80000,0xa9700000,0xa9700000)
  from space 72448K, 82% used [0xaec40000,0xb26cf948,0xb3300000)
  to   space 79872K, 0% used [0xa9700000,0xa9700000,0xae500000)
 ParOldGen       total 354048K, used 240436K [0x73300000, 0x88cc0000, 0x9dd80000)
  object space 354048K, 67% used [0x73300000,0x81dcd300,0x88cc0000)
 PSPermGen       total 16384K, used 4430K [0x6b300000, 0x6c300000, 0x73300000)
  object space 16384K, 27% used [0x6b300000,0x6b7538f8,0x6c300000)
Event: 53.269 GC heap after
Heap after GC invocations=23 (full 4):
 PSYoungGen      total 251904K, used 61789K [0x9dd80000, 0xb3300000, 0xb3300000)
  eden space 189952K, 0% used [0x9dd80000,0x9dd80000,0xa9700000)
  from space 61952K, 99% used [0xa9700000,0xad3574a8,0xad380000)
  to   space 86528K, 0% used [0xade80000,0xade80000,0xb3300000)
 ParOldGen       total 354048K, used 268127K [0x73300000, 0x88cc0000, 0x9dd80000)
  object space 354048K, 75% used [0x73300000,0x838d7c20,0x88cc0000)
 PSPermGen       total 16384K, used 4430K [0x6b300000, 0x6c300000, 0x73300000)
  object space 16384K, 27% used [0x6b300000,0x6b7538f8,0x6c300000)
}
Event: 57.916 GC heap before
{Heap before GC invocations=24 (full 4):
 PSYoungGen      total 251904K, used 251741K [0x9dd80000, 0xb3300000, 0xb3300000)
  eden space 189952K, 100% used [0x9dd80000,0xa9700000,0xa9700000)
  from space 61952K, 99% used [0xa9700000,0xad3574a8,0xad380000)
  to   space 86528K, 0% used [0xade80000,0xade80000,0xb3300000)
 ParOldGen       total 354048K, used 268127K [0x73300000, 0x88cc0000, 0x9dd80000)
  object space 354048K, 75% used [0x73300000,0x838d7c20,0x88cc0000)
 PSPermGen       total 16384K, used 4434K [0x6b300000, 0x6c300000, 0x73300000)
  object space 16384K, 27% used [0x6b300000,0x6b7548e0,0x6c300000)
Event: 61.004 GC heap after
Heap after GC invocations=24 (full 4):
 PSYoungGen      total 268288K, used 31910K [0x9dd80000, 0xb3300000, 0xb3300000)
  eden space 181760K, 0% used [0x9dd80000,0x9dd80000,0xa8f00000)
  from space 86528K, 36% used [0xade80000,0xafda98c8,0xb3300000)
  to   space 81408K, 0% used [0xa8f00000,0xa8f00000,0xade80000)
 ParOldGen       total 354048K, used 328999K [0x73300000, 0x88cc0000, 0x9dd80000)
  object space 354048K, 92% used [0x73300000,0x87449cd8,0x88cc0000)
 PSPermGen       total 16384K, used 4434K [0x6b300000, 0x6c300000, 0x73300000)
  object space 16384K, 27% used [0x6b300000,0x6b7548e0,0x6c300000)
}
Event: 61.004 GC heap before
{Heap before GC invocations=25 (full 5):
 PSYoungGen      total 268288K, used 31910K [0x9dd80000, 0xb3300000, 0xb3300000)
  eden space 181760K, 0% used [0x9dd80000,0x9dd80000,0xa8f00000)
  from space 86528K, 36% used [0xade80000,0xafda98c8,0xb3300000)
  to   space 81408K, 0% used [0xa8f00000,0xa8f00000,0xade80000)
 ParOldGen       total 354048K, used 328999K [0x73300000, 0x88cc0000, 0x9dd80000)
  object space 354048K, 92% used [0x73300000,0x87449cd8,0x88cc0000)
 PSPermGen       total 16384K, used 4434K [0x6b300000, 0x6c300000, 0x73300000)
  object space 16384K, 27% used [0x6b300000,0x6b7548e0,0x6c300000)

Deoptimization events (10 events):
Event: 25.868 Thread 0x67ffe000 Uncommon trap: reason=bimorphic action=maybe_recompile pc=0xb354ddb8 method=com.android.dx.ssa.back.FirstFitLocalCombiningAllocator.findNextUnreservedRopReg(IILcom/android/dx/ssa/back/FirstFitLocalCombiningAllocator$Alignment;)I @ 60
Event: 26.133 Thread 0x67ffe000 Uncommon trap: reason=unstable_if action=reinterpret pc=0xb370e11c method=com.android.dx.rop.code.LocalVariableExtractor.processBlock(I)V @ 208
Event: 26.164 Thread 0x67403000 Uncommon trap: reason=class_check action=maybe_recompile pc=0xb37efffc method=com.android.dx.cf.code.BytecodeArray.parseInstruction(ILcom/android/dx/cf/code/BytecodeArray$Visitor;)I @ 2032
Event: 26.180 Thread 0x67400c00 Uncommon trap: reason=unstable_if action=reinterpret pc=0xb36a3288 method=com.android.dx.ssa.back.FirstFitLocalCombiningAllocator.tryMapReg(Lcom/android/dx/rop/code/RegisterSpec;II)Z @ 19
Event: 26.588 Thread 0x67ffe000 Uncommon trap: reason=bimorphic action=maybe_recompile pc=0xb37f0dcc method=com.android.dx.cf.code.BytecodeArray.parseInstruction(ILcom/android/dx/cf/code/BytecodeArray$Visitor;)I @ 1327
Event: 26.588 Thread 0x67ffe000 Uncommon trap: reason=bimorphic action=maybe_recompile pc=0xb37f0dcc method=com.android.dx.cf.code.BytecodeArray.parseInstruction(ILcom/android/dx/cf/code/BytecodeArray$Visitor;)I @ 1327
Event: 26.889 Thread 0x67ffe000 Uncommon trap: reason=unstable_if action=reinterpret pc=0xb362a014 method=com.android.dx.cf.code.Merger.mergeType(Lcom/android/dx/rop/type/TypeBearer;Lcom/android/dx/rop/type/TypeBearer;)Lcom/android/dx/rop/type/TypeBearer; @ 77
Event: 36.741 Thread 0x67400c00 Uncommon trap: reason=unstable_if action=reinterpret pc=0xb3750e40 method=com.android.dx.ssa.InterferenceRegisterMapper.areAnyPinned(Lcom/android/dx/rop/code/RegisterSpecList;II)Z @ 68
Event: 37.433 Thread 0x67400c00 Uncommon trap: reason=unstable_if action=reinterpret pc=0xb354fa40 method=com.android.dx.cf.code.Merger.mergeType(Lcom/android/dx/rop/type/TypeBearer;Lcom/android/dx/rop/type/TypeBearer;)Lcom/android/dx/rop/type/TypeBearer; @ 77
Event: 55.361 Thread 0x67400c00 Uncommon trap: reason=unstable_if action=reinterpret pc=0xb3730af8 method=java.util.DualPivotQuicksort.sort([IIIZ)V @ 705

Internal exceptions (10 events):
Event: 5.270 Thread 0x67401c00 Implicit null exception at 0xb34e902c to 0xb34ec405
Event: 5.991 Thread 0xb6407c00 Threw 0xa04d4ea0 at /build/openjdk-7-EUuUjL/openjdk-7-7u95-2.6.4/build/openjdk/hotspot/src/share/vm/prims/jvm.cpp:1322
Event: 10.670 Thread 0x67401c00 Implicit null exception at 0xb35befb5 to 0xb35bfae5
Event: 15.325 Thread 0xb6407c00 Threw 0xa1d14c40 at /build/openjdk-7-EUuUjL/openjdk-7-7u95-2.6.4/build/openjdk/hotspot/src/share/vm/prims/jvm.cpp:1322
Event: 16.445 Thread 0x67ffe000 Threw 0xa1c904a8 at /build/openjdk-7-EUuUjL/openjdk-7-7u95-2.6.4/build/openjdk/hotspot/src/share/vm/prims/jvm.cpp:1322
Event: 16.689 Thread 0x67ffe000 Implicit null exception at 0xb355a91d to 0xb355bc69
Event: 16.689 Thread 0x67ffe000 Implicit null exception at 0xb364b1b1 to 0xb364b339
Event: 16.707 Thread 0x67403000 Implicit null exception at 0xb355875f to 0xb35588c5
Event: 16.707 Thread 0x67403000 Implicit null exception at 0xb349a2d9 to 0xb349a3d5
Event: 19.324 Thread 0x67400c00 Implicit null exception at 0xb372d600 to 0xb372e7e5

Events (10 events):
Event: 37.433 Thread 0x67400c00 DEOPT UNPACKING pc=0xb3406bc8 sp=0x6735caf8 mode 2
Event: 40.456 Thread 0x67f27800 flushing nmethod 0xb372b1c8
Event: 45.983 Executing VM operation: ParallelGCFailedAllocation
Event: 47.721 Executing VM operation: ParallelGCFailedAllocation done
Event: 50.209 Executing VM operation: ParallelGCFailedAllocation
Event: 53.269 Executing VM operation: ParallelGCFailedAllocation done
Event: 55.361 Thread 0x67400c00 Uncommon trap: trap_request=0xffffff75 fr.pc=0xb3730af8
Event: 55.361 Thread 0x67400c00 DEOPT PACKING pc=0xb3730af8 sp=0x6735ca10
Event: 55.361 Thread 0x67400c00 DEOPT UNPACKING pc=0xb3406bc8 sp=0x6735c9fc mode 2
Event: 57.916 Executing VM operation: ParallelGCFailedAllocation


Dynamic libraries:
08048000-08049000 r-xp 00000000 08:01 14947556   /usr/lib/jvm/java-7-openjdk-i386/jre/bin/java
08049000-0804a000 r--p 00000000 08:01 14947556   /usr/lib/jvm/java-7-openjdk-i386/jre/bin/java
0804a000-0804b000 rw-p 00001000 08:01 14947556   /usr/lib/jvm/java-7-openjdk-i386/jre/bin/java
09783000-0a418000 rw-p 00000000 00:00 0          [heap]
66300000-663fa000 rw-p 00000000 00:00 0 
663fa000-66400000 ---p 00000000 00:00 0 
66500000-665f1000 rw-p 00000000 00:00 0 
665f1000-66600000 ---p 00000000 00:00 0 
66600000-666fd000 rw-p 00000000 00:00 0 
666fd000-66700000 ---p 00000000 00:00 0 
66700000-667f9000 rw-p 00000000 00:00 0 
667f9000-66800000 ---p 00000000 00:00 0 
66800000-668f1000 rw-p 00000000 00:00 0 
668f1000-66900000 ---p 00000000 00:00 0 
66900000-669eb000 rw-p 00000000 00:00 0 
669eb000-66a00000 ---p 00000000 00:00 0 
66a00000-66afc000 rw-p 00000000 00:00 0 
66afc000-66b00000 ---p 00000000 00:00 0 
66b00000-66bff000 rw-p 00000000 00:00 0 
66bff000-66c00000 ---p 00000000 00:00 0 
66c00000-66d00000 rw-p 00000000 00:00 0 
66d00000-66dee000 rw-p 00000000 00:00 0 
66dee000-66e00000 ---p 00000000 00:00 0 
66f00000-66ffc000 rw-p 00000000 00:00 0 
66ffc000-67000000 ---p 00000000 00:00 0 
67000000-670e5000 rw-p 00000000 00:00 0 
670e5000-67100000 ---p 00000000 00:00 0 
67100000-671f6000 rw-p 00000000 00:00 0 
671f6000-67200000 ---p 00000000 00:00 0 
6726b000-6726e000 ---p 00000000 00:00 0 
6726e000-672bc000 rw-p 00000000 00:00 0          [stack:15446]
672bc000-672bf000 ---p 00000000 00:00 0 
672bf000-6730d000 rw-p 00000000 00:00 0          [stack:15445]
6730d000-67310000 ---p 00000000 00:00 0 
67310000-6735e000 rw-p 00000000 00:00 0          [stack:15444]
6735e000-67361000 ---p 00000000 00:00 0 
67361000-673af000 rw-p 00000000 00:00 0          [stack:15443]
673af000-673b2000 ---p 00000000 00:00 0 
673b2000-67400000 rw-p 00000000 00:00 0          [stack:15442]
67400000-674d6000 rw-p 00000000 00:00 0 
674d6000-67500000 ---p 00000000 00:00 0 
67535000-67571000 r-xp 00000000 08:01 13632519   /lib/i386-linux-gnu/libpcre.so.3.13.1
67571000-67572000 r--p 0003b000 08:01 13632519   /lib/i386-linux-gnu/libpcre.so.3.13.1
67572000-67573000 rw-p 0003c000 08:01 13632519   /lib/i386-linux-gnu/libpcre.so.3.13.1
67573000-6767d000 r-xp 00000000 08:01 13635724   /lib/i386-linux-gnu/libglib-2.0.so.0.4002.0
6767d000-6767e000 r--p 00109000 08:01 13635724   /lib/i386-linux-gnu/libglib-2.0.so.0.4002.0
6767e000-6767f000 rw-p 0010a000 08:01 13635724   /lib/i386-linux-gnu/libglib-2.0.so.0.4002.0
6767f000-677fc000 r-xp 00000000 08:01 14947264   /usr/lib/i386-linux-gnu/libgio-2.0.so.0.4002.0
677fc000-677fe000 r--p 0017d000 08:01 14947264   /usr/lib/i386-linux-gnu/libgio-2.0.so.0.4002.0
677fe000-677ff000 rw-p 0017f000 08:01 14947264   /usr/lib/i386-linux-gnu/libgio-2.0.so.0.4002.0
677ff000-67800000 rw-p 00000000 00:00 0 
67800000-67900000 rw-p 00000000 00:00 0 
6790c000-6791f000 r-xp 00000000 08:01 13635876   /lib/i386-linux-gnu/libresolv-2.19.so
6791f000-67920000 ---p 00013000 08:01 13635876   /lib/i386-linux-gnu/libresolv-2.19.so
67920000-67921000 r--p 00013000 08:01 13635876   /lib/i386-linux-gnu/libresolv-2.19.so
67921000-67922000 rw-p 00014000 08:01 13635876   /lib/i386-linux-gnu/libresolv-2.19.so
67922000-67924000 rw-p 00000000 00:00 0 
67924000-67944000 r-xp 00000000 08:01 13632631   /lib/i386-linux-gnu/libselinux.so.1
67944000-67945000 r--p 0001f000 08:01 13632631   /lib/i386-linux-gnu/libselinux.so.1
67945000-67946000 rw-p 00020000 08:01 13632631   /lib/i386-linux-gnu/libselinux.so.1
67946000-67947000 rw-p 00000000 00:00 0 
67947000-67997000 r-xp 00000000 08:01 14947260   /usr/lib/i386-linux-gnu/libgobject-2.0.so.0.4002.0
67997000-67998000 r--p 0004f000 08:01 14947260   /usr/lib/i386-linux-gnu/libgobject-2.0.so.0.4002.0
67998000-67999000 rw-p 00050000 08:01 14947260   /usr/lib/i386-linux-gnu/libgobject-2.0.so.0.4002.0
67999000-679b1000 r-xp 00000000 08:01 14948482   /usr/lib/jvm/java-7-openjdk-i386/jre/lib/i386/libnet.so
679b1000-679b2000 r--p 00017000 08:01 14948482   /usr/lib/jvm/java-7-openjdk-i386/jre/lib/i386/libnet.so
679b2000-679b3000 rw-p 00018000 08:01 14948482   /usr/lib/jvm/java-7-openjdk-i386/jre/lib/i386/libnet.so
679b3000-67a8a000 r--s 008fa000 08:01 1328708    /home/user/AndroidStudioProjects/classMates/app/build/intermediates/transforms/jarMerging/debug/jars/1/1f/combined.jar
67a8a000-67a8b000 ---p 00000000 00:00 0 
67a8b000-67b0b000 rw-p 00000000 00:00 0          [stack:15441]
67b0b000-67b0e000 ---p 00000000 00:00 0 
67b0e000-67b5c000 rw-p 00000000 00:00 0          [stack:15440]
67b5c000-67b5f000 ---p 00000000 00:00 0 
67b5f000-67bdd000 rw-p 00000000 00:00 0          [stack:15439]
67bdd000-67be0000 ---p 00000000 00:00 0 
67be0000-67c5e000 rw-p 00000000 00:00 0          [stack:15438]
67c5e000-67c61000 ---p 00000000 00:00 0 
67c61000-67caf000 rw-p 00000000 00:00 0          [stack:15437]
67caf000-67eaf000 r--p 00000000 08:01 14950563   /usr/lib/locale/locale-archive
67eaf000-67eb2000 ---p 00000000 00:00 0 
67eb2000-67f00000 rw-p 00000000 00:00 0          [stack:15436]
67f00000-68000000 rw-p 00000000 00:00 0 
68017000-68028000 r-xp 00000000 08:01 14948236   /usr/lib/jvm/java-7-openjdk-i386/jre/lib/i386/libnio.so
68028000-68029000 r--p 00010000 08:01 14948236   /usr/lib/jvm/java-7-openjdk-i386/jre/lib/i386/libnio.so
68029000-6802a000 rw-p 00011000 08:01 14948236   /usr/lib/jvm/java-7-openjdk-i386/jre/lib/i386/libnio.so
6804d000-6804e000 ---p 00000000 00:00 0 
6804e000-680ce000 rw-p 00000000 00:00 0          [stack:15434]
680ce000-68280000 r--s 01d2f000 08:01 14948612   /usr/lib/jvm/java-7-openjdk-i386/jre/lib/rt.jar
68280000-6ab00000 rw-p 00000000 00:00 0 
6ab00000-6abfe000 rw-p 00000000 00:00 0 
6abfe000-6ac00000 ---p 00000000 00:00 0 
6ac0b000-6ac0e000 ---p 00000000 00:00 0 
6ac0e000-6ad00000 rw-p 00000000 00:00 0          [stack:15435]
6ad00000-6ad43000 rw-p 00000000 00:00 0 
6ad43000-6ae00000 ---p 00000000 00:00 0 
6ae00000-6ae05000 r-xp 00000000 08:01 14946000   /usr/lib/i386-linux-gnu/libffi.so.6.0.1
6ae05000-6ae06000 r--p 00005000 08:01 14946000   /usr/lib/i386-linux-gnu/libffi.so.6.0.1
6ae06000-6ae07000 rw-p 00006000 08:01 14946000   /usr/lib/i386-linux-gnu/libffi.so.6.0.1
6ae07000-6ae0a000 r-xp 00000000 08:01 14947265   /usr/lib/i386-linux-gnu/libgmodule-2.0.so.0.4002.0
6ae0a000-6ae0b000 r--p 00002000 08:01 14947265   /usr/lib/i386-linux-gnu/libgmodule-2.0.so.0.4002.0
6ae0b000-6ae0c000 rw-p 00003000 08:01 14947265   /usr/lib/i386-linux-gnu/libgmodule-2.0.so.0.4002.0
6ae0c000-6ae27000 rw-p 00000000 00:00 0 
6ae27000-6ae28000 ---p 00000000 00:00 0 
6ae28000-6aea8000 rw-p 00000000 00:00 0          [stack:15433]
6aea8000-6aea9000 ---p 00000000 00:00 0 
6aea9000-6af31000 rw-p 00000000 00:00 0          [stack:15432]
6af31000-6af69000 rw-p 00000000 00:00 0 
6af69000-6b016000 rw-p 00000000 00:00 0 
6b016000-6b0bf000 rw-p 00000000 00:00 0 
6b0bf000-6b0c7000 rw-p 00000000 00:00 0 
6b0c7000-6b0ff000 rw-p 00000000 00:00 0 
6b0ff000-6b1ac000 rw-p 00000000 00:00 0 
6b1ac000-6b254000 rw-p 00000000 00:00 0 
6b254000-6b2ff000 rw-p 00000000 00:00 0 
6b2ff000-6c300000 rw-p 00000000 00:00 0 
6c300000-73300000 rw-p 00000000 00:00 0 
73300000-88cc0000 rw-p 00000000 00:00 0 
911c0000-9dd80000 rw-p 00000000 00:00 0 
9dd80000-b3300000 rw-p 00000000 00:00 0 
b3304000-b3313000 r--s 000df000 08:01 10756869   /home/user/adt-bundle-linux-x86-20130729/sdk/build-tools/23.0.3/lib/dx.jar
b3313000-b3316000 r--s 0000f000 08:01 14949381   /usr/lib/jvm/java-7-openjdk-i386/jre/lib/ext/icedtea-sound.jar
b3316000-b331a000 r--s 00085000 08:01 14948788   /usr/lib/jvm/java-7-openjdk-i386/jre/lib/ext/localedata.jar
b331a000-b332c000 rw-p 00000000 00:00 0 
b332c000-b33da000 rw-p 00000000 00:00 0 
b33da000-b383a000 rwxp 00000000 00:00 0 
b383a000-b63da000 rw-p 00000000 00:00 0 
b63da000-b63e5000 r-xp 00000000 08:01 13635878   /lib/i386-linux-gnu/libnss_files-2.19.so
b63e5000-b63e6000 r--p 0000a000 08:01 13635878   /lib/i386-linux-gnu/libnss_files-2.19.so
b63e6000-b63e7000 rw-p 0000b000 08:01 13635878   /lib/i386-linux-gnu/libnss_files-2.19.so
b63e7000-b63fc000 r-xp 00000000 08:01 13631585   /lib/i386-linux-gnu/libnsl-2.19.so
b63fc000-b63fd000 r--p 00015000 08:01 13631585   /lib/i386-linux-gnu/libnsl-2.19.so
b63fd000-b63fe000 rw-p 00016000 08:01 13631585   /lib/i386-linux-gnu/libnsl-2.19.so
b63fe000-b6400000 rw-p 00000000 00:00 0 
b6400000-b64fd000 rw-p 00000000 00:00 0 
b64fd000-b6500000 ---p 00000000 00:00 0 
b6500000-b6504000 r--s 0003c000 08:01 14949361   /usr/lib/jvm/java-7-openjdk-i386/jre/lib/ext/sunpkcs11.jar
b6504000-b6508000 r--s 00034000 08:01 14949305   /usr/lib/jvm/java-7-openjdk-i386/jre/lib/ext/sunjce_provider.jar
b6508000-b6512000 r-xp 00000000 08:01 13631584   /lib/i386-linux-gnu/libnss_nis-2.19.so
b6512000-b6513000 r--p 00009000 08:01 13631584   /lib/i386-linux-gnu/libnss_nis-2.19.so
b6513000-b6514000 rw-p 0000a000 08:01 13631584   /lib/i386-linux-gnu/libnss_nis-2.19.so
b6514000-b651b000 r-xp 00000000 08:01 13631590   /lib/i386-linux-gnu/libnss_compat-2.19.so
b651b000-b651c000 r--p 00006000 08:01 13631590   /lib/i386-linux-gnu/libnss_compat-2.19.so
b651c000-b651d000 rw-p 00007000 08:01 13631590   /lib/i386-linux-gnu/libnss_compat-2.19.so
b651d000-b651e000 r--s 00002000 08:01 14949379   /usr/lib/jvm/java-7-openjdk-i386/jre/lib/ext/dnsns.jar
b651e000-b6520000 r--s 00012000 08:01 14949356   /usr/lib/jvm/java-7-openjdk-i386/jre/lib/ext/zipfs.jar
b6520000-b6528000 r-xp 00000000 08:01 14948210   /usr/lib/jvm/java-7-openjdk-i386/jre/lib/i386/libzip.so
b6528000-b6529000 r--p 00007000 08:01 14948210   /usr/lib/jvm/java-7-openjdk-i386/jre/lib/i386/libzip.so
b6529000-b652a000 rw-p 00008000 08:01 14948210   /usr/lib/jvm/java-7-openjdk-i386/jre/lib/i386/libzip.so
b652a000-b6532000 rw-s 00000000 08:01 1197878    /tmp/hsperfdata_user/15427
b6532000-b6559000 r-xp 00000000 08:01 14948425   /usr/lib/jvm/java-7-openjdk-i386/jre/lib/i386/libjava.so
b6559000-b655a000 r--p 00026000 08:01 14948425   /usr/lib/jvm/java-7-openjdk-i386/jre/lib/i386/libjava.so
b655a000-b655b000 rw-p 00027000 08:01 14948425   /usr/lib/jvm/java-7-openjdk-i386/jre/lib/i386/libjava.so
b655b000-b6562000 r-xp 00000000 08:01 13635879   /lib/i386-linux-gnu/librt-2.19.so
b6562000-b6563000 r--p 00006000 08:01 13635879   /lib/i386-linux-gnu/librt-2.19.so
b6563000-b6564000 rw-p 00007000 08:01 13635879   /lib/i386-linux-gnu/librt-2.19.so
b6564000-b6567000 ---p 00000000 00:00 0 
b6567000-b65b5000 rw-p 00000000 00:00 0          [stack:15431]
b65b5000-b65d1000 r-xp 00000000 08:01 13631517   /lib/i386-linux-gnu/libgcc_s.so.1
b65d1000-b65d2000 rw-p 0001b000 08:01 13631517   /lib/i386-linux-gnu/libgcc_s.so.1
b65d2000-b6616000 r-xp 00000000 08:01 13631589   /lib/i386-linux-gnu/libm-2.19.so
b6616000-b6617000 r--p 00043000 08:01 13631589   /lib/i386-linux-gnu/libm-2.19.so
b6617000-b6618000 rw-p 00044000 08:01 13631589   /lib/i386-linux-gnu/libm-2.19.so
b6618000-b66f4000 r-xp 00000000 08:01 14945954   /usr/lib/i386-linux-gnu/libstdc++.so.6.0.19
b66f4000-b66f8000 r--p 000dc000 08:01 14945954   /usr/lib/i386-linux-gnu/libstdc++.so.6.0.19
b66f8000-b66f9000 rw-p 000e0000 08:01 14945954   /usr/lib/i386-linux-gnu/libstdc++.so.6.0.19
b66f9000-b6700000 rw-p 00000000 00:00 0 
b6700000-b70f7000 r-xp 00000000 08:01 14948212   /usr/lib/jvm/java-7-openjdk-i386/jre/lib/i386/server/libjvm.so
b70f7000-b7149000 r--p 009f7000 08:01 14948212   /usr/lib/jvm/java-7-openjdk-i386/jre/lib/i386/server/libjvm.so
b7149000-b715d000 rw-p 00a49000 08:01 14948212   /usr/lib/jvm/java-7-openjdk-i386/jre/lib/i386/server/libjvm.so
b715d000-b757b000 rw-p 00000000 00:00 0 
b757b000-b7593000 r-xp 00000000 08:01 13632664   /lib/i386-linux-gnu/libz.so.1.2.8
b7593000-b7594000 r--p 00017000 08:01 13632664   /lib/i386-linux-gnu/libz.so.1.2.8
b7594000-b7595000 rw-p 00018000 08:01 13632664   /lib/i386-linux-gnu/libz.so.1.2.8
b7595000-b75ad000 r-xp 00000000 08:01 13635721   /lib/i386-linux-gnu/libpthread-2.19.so
b75ad000-b75ae000 r--p 00018000 08:01 13635721   /lib/i386-linux-gnu/libpthread-2.19.so
b75ae000-b75af000 rw-p 00019000 08:01 13635721   /lib/i386-linux-gnu/libpthread-2.19.so
b75af000-b75b1000 rw-p 00000000 00:00 0 
b75b1000-b75b4000 r-xp 00000000 08:01 13631582   /lib/i386-linux-gnu/libdl-2.19.so
b75b4000-b75b5000 r--p 00002000 08:01 13631582   /lib/i386-linux-gnu/libdl-2.19.so
b75b5000-b75b6000 rw-p 00003000 08:01 13631582   /lib/i386-linux-gnu/libdl-2.19.so
b75b6000-b775e000 r-xp 00000000 08:01 13631581   /lib/i386-linux-gnu/libc-2.19.so
b775e000-b7760000 r--p 001a8000 08:01 13631581   /lib/i386-linux-gnu/libc-2.19.so
b7760000-b7761000 rw-p 001aa000 08:01 13631581   /lib/i386-linux-gnu/libc-2.19.so
b7761000-b7764000 rw-p 00000000 00:00 0 
b7764000-b7766000 r--s 00006000 08:01 393877     /usr/share/java/java-atk-wrapper.jar
b7766000-b7767000 r--p 00850000 08:01 14950563   /usr/lib/locale/locale-archive
b7767000-b7768000 rw-p 00000000 00:00 0 
b7768000-b7769000 ---p 00000000 00:00 0 
b7769000-b7777000 r-xp 00000000 08:01 14948232   /usr/lib/jvm/java-7-openjdk-i386/jre/lib/i386/libverify.so
b7777000-b7778000 r--p 0000d000 08:01 14948232   /usr/lib/jvm/java-7-openjdk-i386/jre/lib/i386/libverify.so
b7778000-b7779000 rw-p 0000e000 08:01 14948232   /usr/lib/jvm/java-7-openjdk-i386/jre/lib/i386/libverify.so
b7779000-b7785000 r-xp 00000000 08:01 14948131   /usr/lib/jvm/java-7-openjdk-i386/jre/lib/i386/jli/libjli.so
b7785000-b7786000 r--p 0000c000 08:01 14948131   /usr/lib/jvm/java-7-openjdk-i386/jre/lib/i386/jli/libjli.so
b7786000-b7787000 rw-p 0000d000 08:01 14948131   /usr/lib/jvm/java-7-openjdk-i386/jre/lib/i386/jli/libjli.so
b7787000-b778a000 rw-p 00000000 00:00 0 
b778a000-b778b000 r-xp 00000000 00:00 0          [vdso]
b778b000-b77ab000 r-xp 00000000 08:01 13631583   /lib/i386-linux-gnu/ld-2.19.so
b77ab000-b77ac000 r--p 0001f000 08:01 13631583   /lib/i386-linux-gnu/ld-2.19.so
b77ac000-b77ad000 rw-p 00020000 08:01 13631583   /lib/i386-linux-gnu/ld-2.19.so
bf805000-bf806000 rwxp 00000000 00:00 0 
bf838000-bf859000 rw-p 00000000 00:00 0          [stack]

VM Arguments:
jvm_args: -Djava.awt.headless=true -Xmx1024M -Dfile.encoding=UTF-8 -Duser.country=IN -Duser.language=en -Duser.variant 
java_command: com.android.dx.command.Main --dex --num-threads=4 --multi-dex --main-dex-list /home/user/AndroidStudioProjects/classMates/app/build/intermediates/multi-dex/debug/maindexlist.txt --output /home/user/AndroidStudioProjects/classMates/app/build/intermediates/transforms/dex/debug/folders/1000/1f/main /home/user/AndroidStudioProjects/classMates/app/build/intermediates/transforms/jarMerging/debug/jars/1/1f/combined.jar
Launcher Type: SUN_STANDARD

Environment Variables:
PATH=/usr/local/sbin:/usr/local/bin:/usr/sbin:/usr/bin:/sbin:/bin:/usr/games:/usr/local/games
LD_LIBRARY_PATH=/home/user/android-studio/bin:
SHELL=/bin/bash
DISPLAY=:0

Signal Handlers:
SIGSEGV: [libjvm.so+0x813b10], sa_mask[0]=0x7ffbfeff, sa_flags=0x10000004
SIGBUS: [libjvm.so+0x813b10], sa_mask[0]=0x7ffbfeff, sa_flags=0x10000004
SIGFPE: [libjvm.so+0x6893f0], sa_mask[0]=0x7ffbfeff, sa_flags=0x10000004
SIGPIPE: [libjvm.so+0x6893f0], sa_mask[0]=0x7ffbfeff, sa_flags=0x10000004
SIGXFSZ: [libjvm.so+0x6893f0], sa_mask[0]=0x7ffbfeff, sa_flags=0x10000004
SIGILL: [libjvm.so+0x6893f0], sa_mask[0]=0x7ffbfeff, sa_flags=0x10000004
SIGUSR1: SIG_DFL, sa_mask[0]=0x00000000, sa_flags=0x00000000
SIGUSR2: [libjvm.so+0x689280], sa_mask[0]=0x00000004, sa_flags=0x10000004
SIGHUP: [libjvm.so+0x6894b0], sa_mask[0]=0x7ffbfeff, sa_flags=0x10000004
SIGINT: [libjvm.so+0x6894b0], sa_mask[0]=0x7ffbfeff, sa_flags=0x10000004
SIGTERM: [libjvm.so+0x6894b0], sa_mask[0]=0x7ffbfeff, sa_flags=0x10000004
SIGQUIT: [libjvm.so+0x6894b0], sa_mask[0]=0x7ffbfeff, sa_flags=0x10000004
SIGTRAP: SIG_DFL, sa_mask[0]=0x00000000, sa_flags=0x00000000


---------------  S Y S T E M  ---------------

OS:Ubuntu 14.04 (trusty)
uname:Linux 3.13.0-76-generic #120-Ubuntu SMP Mon Jan 18 15:58:41 UTC 2016 i686
libc:glibc 2.19 NPTL 2.19 
rlimit: STACK 8192k, CORE 0k, NPROC 31229, NOFILE 4096, AS infinity
load average:5.98 4.71 4.32

/proc/meminfo:
MemTotal:        4016568 kB
MemFree:          214452 kB
Buffers:            2428 kB
Cached:           409360 kB
SwapCached:        27852 kB
Active:          2752832 kB
Inactive:         954924 kB
Active(anon):    2740412 kB
Inactive(anon):   916652 kB
Active(file):      12420 kB
Inactive(file):    38272 kB
Unevictable:          48 kB
Mlocked:              48 kB
HighTotal:       3163656 kB
HighFree:          60636 kB
LowTotal:         852912 kB
LowFree:          153816 kB
SwapTotal:       1975292 kB
SwapFree:           1064 kB
Dirty:               136 kB
Writeback:             4 kB
AnonPages:       3269656 kB
Mapped:            77684 kB
Shmem:            360844 kB
Slab:              41828 kB
SReclaimable:      19220 kB
SUnreclaim:        22608 kB
KernelStack:        5440 kB
PageTables:        27004 kB
NFS_Unstable:          0 kB
Bounce:               92 kB
WritebackTmp:          0 kB
CommitLimit:     3983576 kB
Committed_AS:   13262404 kB
VmallocTotal:     122880 kB
VmallocUsed:       14196 kB
VmallocChunk:     100488 kB
HardwareCorrupted:     0 kB
AnonHugePages:   1396736 kB
HugePages_Total:       0
HugePages_Free:        0
HugePages_Rsvd:        0
HugePages_Surp:        0
Hugepagesize:       2048 kB
DirectMap4k:       24568 kB
DirectMap2M:      886784 kB


CPU:total 2 (2 cores per cpu, 1 threads per core) family 6 model 58 stepping 9, cmov, cx8, fxsr, mmx, sse, sse2, sse3, ssse3, sse4.1, sse4.2, popcnt, erms, tsc, tscinvbit, tscinv

/proc/cpuinfo:
processor	: 0
vendor_id	: GenuineIntel
cpu family	: 6
model		: 58
model name	: Intel(R) Pentium(R) CPU G2010 @ 2.80GHz
stepping	: 9
microcode	: 0x17
cpu MHz		: 2800.000
cache size	: 3072 KB
physical id	: 0
siblings	: 2
core id		: 0
cpu cores	: 2
apicid		: 0
initial apicid	: 0
fdiv_bug	: no
f00f_bug	: no
coma_bug	: no
fpu		: yes
fpu_exception	: yes
cpuid level	: 13
wp		: yes
flags		: fpu vme de pse tsc msr pae mce cx8 apic sep mtrr pge mca cmov pat pse36 clflush dts acpi mmx fxsr sse sse2 ss ht tm pbe nx rdtscp lm constant_tsc arch_perfmon pebs bts xtopology nonstop_tsc aperfmperf eagerfpu pni pclmulqdq dtes64 monitor ds_cpl vmx est tm2 ssse3 cx16 xtpr pdcm pcid sse4_1 sse4_2 popcnt tsc_deadline_timer xsave lahf_lm arat epb xsaveopt pln pts dtherm tpr_shadow vnmi flexpriority ept vpid fsgsbase smep erms
bogomips	: 5587.67
clflush size	: 64
cache_alignment	: 64
address sizes	: 36 bits physical, 48 bits virtual
power management:

processor	: 1
vendor_id	: GenuineIntel
cpu family	: 6
model		: 58
model name	: Intel(R) Pentium(R) CPU G2010 @ 2.80GHz
stepping	: 9
microcode	: 0x17
cpu MHz		: 2800.000
cache size	: 3072 KB
physical id	: 0
siblings	: 2
core id		: 1
cpu cores	: 2
apicid		: 2
initial apicid	: 2
fdiv_bug	: no
f00f_bug	: no
coma_bug	: no
fpu		: yes
fpu_exception	: yes
cpuid level	: 13
wp		: yes
flags		: fpu vme de pse tsc msr pae mce cx8 apic sep mtrr pge mca cmov pat pse36 clflush dts acpi mmx fxsr sse sse2 ss ht tm pbe nx rdtscp lm constant_tsc arch_perfmon pebs bts xtopology nonstop_tsc aperfmperf eagerfpu pni pclmulqdq dtes64 monitor ds_cpl vmx est tm2 ssse3 cx16 xtpr pdcm pcid sse4_1 sse4_2 popcnt tsc_deadline_timer xsave lahf_lm arat epb xsaveopt pln pts dtherm tpr_shadow vnmi flexpriority ept vpid fsgsbase smep erms
bogomips	: 5587.67
clflush size	: 64
cache_alignment	: 64
address sizes	: 36 bits physical, 48 bits virtual
power management:



Memory: 4k page, physical 4016568k(214452k free), swap 1975292k(1064k free)

vm_info: OpenJDK Server VM (24.95-b01) for linux-x86 JRE (1.7.0_95-b00), built on Jan 21 2016 03:37:15 by "buildd" with gcc 4.8.4

time: Fri Jul  8 15:54:05 2016
elapsed time: 67 seconds

