#
# There is insufficient memory for the Java Runtime Environment to continue.
# Native memory allocation (malloc) failed to allocate 137887744 bytes for committing reserved memory.
# Possible reasons:
#   The system is out of physical RAM or swap space
#   In 32 bit mode, the process size limit was hit
# Possible solutions:
#   Reduce memory load on the system
#   Increase physical memory or swap space
#   Check if swap backing store is full
#   Use 64 bit Java on a 64 bit OS
#   Decrease Java heap size (-Xmx/-Xms)
#   Decrease number of Java threads
#   Decrease Java thread stack sizes (-Xss)
#   Set larger code cache with -XX:ReservedCodeCacheSize=
# This output file may be truncated or incomplete.
#
#  Out of Memory Error (os_linux.cpp:2827), pid=15825, tid=1745673024
#
# JRE version: OpenJDK Runtime Environment (7.0_95) (build 1.7.0_95-b00)
# Java VM: OpenJDK Server VM (24.95-b01 mixed mode linux-x86 )
# Derivative: IcedTea 2.6.4
# Distribution: Ubuntu 14.04.3 LTS, package 7u95-2.6.4-0ubuntu0.14.04.1
# Failed to write core dump. Core dumps have been disabled. To enable core dumping, try "ulimit -c unlimited" before starting Java again
#

---------------  T H R E A D  ---------------

Current thread (0x67f10400):  VMThread [stack: 0x6804d000,0x680ce000] [id=15832]

Stack: [0x6804d000,0x680ce000]
VM_Operation (0x67515bf8): ParallelGCFailedAllocation, mode: safepoint, requested by thread 0x67ff1c00


---------------  P R O C E S S  ---------------

Java Threads: ( => current thread )
  0x67ff2c00 JavaThread "pool-2-thread-4" [_thread_blocked, id=15845, stack(0x67475000,0x674c6000)]
  0x67ff1c00 JavaThread "pool-2-thread-3" [_thread_blocked, id=15844, stack(0x674c6000,0x67517000)]
  0x67ff0c00 JavaThread "pool-2-thread-2" [_thread_blocked, id=15843, stack(0x67517000,0x67568000)]
  0x67fef800 JavaThread "pool-3-thread-1" [_thread_blocked, id=15842, stack(0x67568000,0x675b9000)]
  0x67fec800 JavaThread "pool-2-thread-1" [_thread_blocked, id=15841, stack(0x675b9000,0x6760a000)]
  0x67f2b400 JavaThread "Service Thread" daemon [_thread_blocked, id=15838, stack(0x67aba000,0x67b0b000)]
  0x67f29800 JavaThread "C2 CompilerThread1" daemon [_thread_blocked, id=15837, stack(0x67b0b000,0x67b8c000)]
  0x67f27800 JavaThread "C2 CompilerThread0" daemon [_thread_blocked, id=15836, stack(0x67b8c000,0x67c0d000)]
  0x67f25c00 JavaThread "Signal Dispatcher" daemon [_thread_blocked, id=15835, stack(0x67c0d000,0x67c5e000)]
  0x67f14400 JavaThread "Finalizer" daemon [_thread_blocked, id=15834, stack(0x67e5e000,0x67eaf000)]
  0x67f12c00 JavaThread "Reference Handler" daemon [_thread_blocked, id=15833, stack(0x67eaf000,0x67f00000)]
  0xb6407c00 JavaThread "main" [_thread_blocked, id=15829, stack(0xb652d000,0xb657e000)]

Other Threads:
=>0x67f10400 VMThread [stack: 0x6804d000,0x680ce000] [id=15832]
  0x67f2d400 WatcherThread [stack: 0x67a39000,0x67aba000] [id=15839]

VM state:at safepoint (normal execution)

VM Mutex/Monitor currently owned by a thread:  ([mutex/lock_event])
[0xb6404e58] ExpandHeap_lock - owner thread: 0x67f10400
[0xb64053a0] Threads_lock - owner thread: 0x67f10400
[0xb64057b0] Heap_lock - owner thread: 0x67ff1c00

Heap
 PSYoungGen      total 251392K, used 41892K [0x9dd40000, 0xb32c0000, 0xb32c0000)
  eden space 153088K, 0% used [0x9dd40000,0x9dd40000,0xa72c0000)
  from space 98304K, 42% used [0xa72c0000,0xa9ba91e0,0xad2c0000)
  to   space 96000K, 0% used [0xad500000,0xad500000,0xb32c0000)
 ParOldGen       total 349440K, used 349258K [0x732c0000, 0x88800000, 0x9dd40000)
  object space 349440K, 99% used [0x732c0000,0x887d2b10,0x88800000)
 PSPermGen       total 16384K, used 4441K [0x6b2c0000, 0x6c2c0000, 0x732c0000)
  object space 16384K, 27% used [0x6b2c0000,0x6b716498,0x6c2c0000)

Card table byte_map: [0x6b07f000,0x6b2c0000] byte_map_base: 0x6ad25a00

Polling page: 0xb7731000

Code Cache  [0xb33a5000, 0xb37ad000, 0xb63a5000)
 total_blobs=1425 nmethods=1303 adapters=76 free_code_cache=45303Kb largest_free_block=46128896

Compilation events (10 events):
Event: 24.604 Thread 0x67f27800 nmethod 1352 0xb366f388 code [0xb366f460, 0xb366f4b0]
Event: 24.604 Thread 0x67f27800 1353             com.android.dx.cf.direct.DirectClassFile::getMagic0 (9 bytes)
Event: 24.604 Thread 0x67f29800 nmethod 1338 0xb366fd88 code [0xb366fec0, 0xb3670410]
Event: 24.604 Thread 0x67f29800 1354             java.util.concurrent.AbstractExecutorService::submit (25 bytes)
Event: 24.605 Thread 0x67f29800 nmethod 1354 0xb36abd88 code [0xb36abea0, 0xb36abf9c]
Event: 24.605 Thread 0x67f29800 1355             java.util.concurrent.AbstractExecutorService::newTaskFor (9 bytes)
Event: 24.606 Thread 0x67f29800 nmethod 1355 0xb36abb08 code [0xb36abc00, 0xb36abcd0]
Event: 24.610 Thread 0x67f29800 1356             com.android.dx.rop.code.RegisterSpec::withLocalItem (41 bytes)
Event: 24.614 Thread 0x67f27800 nmethod 1353 0xb366fa48 code [0xb366fb40, 0xb366fc30]
Event: 24.614 Thread 0x67f29800 nmethod 1356 0xb36ad108 code [0xb36ad220, 0xb36ad51c]

GC Heap History (10 events):
Event: 21.144 GC heap after
Heap after GC invocations=21 (full 4):
 PSYoungGen      total 276224K, used 29879K [0x9dd40000, 0xb32c0000, 0xb32c0000)
  eden space 202752K, 0% used [0x9dd40000,0x9dd40000,0xaa340000)
  from space 73472K, 40% used [0xaa340000,0xac06dfe8,0xaeb00000)
  to   space 71936K, 0% used [0xaec80000,0xaec80000,0xb32c0000)
 ParOldGen       total 349440K, used 238967K [0x732c0000, 0x88800000, 0x9dd40000)
  object space 349440K, 68% used [0x732c0000,0x81c1dcd0,0x88800000)
 PSPermGen       total 16384K, used 4419K [0x6b2c0000, 0x6c2c0000, 0x732c0000)
  object space 16384K, 26% used [0x6b2c0000,0x6b710d68,0x6c2c0000)
}
Event: 21.649 GC heap before
{Heap before GC invocations=22 (full 4):
 PSYoungGen      total 276224K, used 232631K [0x9dd40000, 0xb32c0000, 0xb32c0000)
  eden space 202752K, 100% used [0x9dd40000,0xaa340000,0xaa340000)
  from space 73472K, 40% used [0xaa340000,0xac06dfe8,0xaeb00000)
  to   space 71936K, 0% used [0xaec80000,0xaec80000,0xb32c0000)
 ParOldGen       total 349440K, used 238967K [0x732c0000, 0x88800000, 0x9dd40000)
  object space 349440K, 68% used [0x732c0000,0x81c1dcd0,0x88800000)
 PSPermGen       total 16384K, used 4428K [0x6b2c0000, 0x6c2c0000, 0x732c0000)
  object space 16384K, 27% used [0x6b2c0000,0x6b7130c0,0x6c2c0000)
Event: 21.959 GC heap after
Heap after GC invocations=22 (full 4):
 PSYoungGen      total 269568K, used 32550K [0x9dd40000, 0xb2c40000, 0xb32c0000)
  eden space 204288K, 0% used [0x9dd40000,0x9dd40000,0xaa4c0000)
  from space 65280K, 49% used [0xaec80000,0xb0c49928,0xb2c40000)
  to   space 69376K, 0% used [0xaa4c0000,0xaa4c0000,0xae880000)
 ParOldGen       total 349440K, used 267493K [0x732c0000, 0x88800000, 0x9dd40000)
  object space 349440K, 76% used [0x732c0000,0x837f9620,0x88800000)
 PSPermGen       total 16384K, used 4428K [0x6b2c0000, 0x6c2c0000, 0x732c0000)
  object space 16384K, 27% used [0x6b2c0000,0x6b7130c0,0x6c2c0000)
}
Event: 23.544 GC heap before
{Heap before GC invocations=23 (full 4):
 PSYoungGen      total 269568K, used 236838K [0x9dd40000, 0xb2c40000, 0xb32c0000)
  eden space 204288K, 100% used [0x9dd40000,0xaa4c0000,0xaa4c0000)
  from space 65280K, 49% used [0xaec80000,0xb0c49928,0xb2c40000)
  to   space 69376K, 0% used [0xaa4c0000,0xaa4c0000,0xae880000)
 ParOldGen       total 349440K, used 267493K [0x732c0000, 0x88800000, 0x9dd40000)
  object space 349440K, 76% used [0x732c0000,0x837f9620,0x88800000)
 PSPermGen       total 16384K, used 4429K [0x6b2c0000, 0x6c2c0000, 0x732c0000)
  object space 16384K, 27% used [0x6b2c0000,0x6b7137e0,0x6c2c0000)
Event: 23.622 GC heap after
Heap after GC invocations=23 (full 4):
 PSYoungGen      total 268800K, used 64432K [0x9dd40000, 0xb32c0000, 0xb32c0000)
  eden space 204288K, 0% used [0x9dd40000,0x9dd40000,0xaa4c0000)
  from space 64512K, 99% used [0xaa4c0000,0xae3ac0c8,0xae3c0000)
  to   space 78848K, 0% used [0xae5c0000,0xae5c0000,0xb32c0000)
 ParOldGen       total 349440K, used 267493K [0x732c0000, 0x88800000, 0x9dd40000)
  object space 349440K, 76% used [0x732c0000,0x837f9620,0x88800000)
 PSPermGen       total 16384K, used 4429K [0x6b2c0000, 0x6c2c0000, 0x732c0000)
  object space 16384K, 27% used [0x6b2c0000,0x6b7137e0,0x6c2c0000)
}
Event: 24.153 GC heap before
{Heap before GC invocations=24 (full 4):
 PSYoungGen      total 268800K, used 268720K [0x9dd40000, 0xb32c0000, 0xb32c0000)
  eden space 204288K, 100% used [0x9dd40000,0xaa4c0000,0xaa4c0000)
  from space 64512K, 99% used [0xaa4c0000,0xae3ac0c8,0xae3c0000)
  to   space 78848K, 0% used [0xae5c0000,0xae5c0000,0xb32c0000)
 ParOldGen       total 349440K, used 267493K [0x732c0000, 0x88800000, 0x9dd40000)
  object space 349440K, 76% used [0x732c0000,0x837f9620,0x88800000)
 PSPermGen       total 16384K, used 4434K [0x6b2c0000, 0x6c2c0000, 0x732c0000)
  object space 16384K, 27% used [0x6b2c0000,0x6b714af8,0x6c2c0000)
Event: 24.275 GC heap after
Heap after GC invocations=24 (full 4):
 PSYoungGen      total 231936K, used 78840K [0x9dd40000, 0xb32c0000, 0xb32c0000)
  eden space 153088K, 0% used [0x9dd40000,0x9dd40000,0xa72c0000)
  from space 78848K, 99% used [0xae5c0000,0xb32be038,0xb32c0000)
  to   space 98304K, 0% used [0xa72c0000,0xa72c0000,0xad2c0000)
 ParOldGen       total 349440K, used 285740K [0x732c0000, 0x88800000, 0x9dd40000)
  object space 349440K, 81% used [0x732c0000,0x849cb378,0x88800000)
 PSPermGen       total 16384K, used 4434K [0x6b2c0000, 0x6c2c0000, 0x732c0000)
  object space 16384K, 27% used [0x6b2c0000,0x6b714af8,0x6c2c0000)
}
Event: 24.625 GC heap before
{Heap before GC invocations=25 (full 4):
 PSYoungGen      total 231936K, used 231928K [0x9dd40000, 0xb32c0000, 0xb32c0000)
  eden space 153088K, 100% used [0x9dd40000,0xa72c0000,0xa72c0000)
  from space 78848K, 99% used [0xae5c0000,0xb32be038,0xb32c0000)
  to   space 98304K, 0% used [0xa72c0000,0xa72c0000,0xad2c0000)
 ParOldGen       total 349440K, used 285740K [0x732c0000, 0x88800000, 0x9dd40000)
  object space 349440K, 81% used [0x732c0000,0x849cb378,0x88800000)
 PSPermGen       total 16384K, used 4441K [0x6b2c0000, 0x6c2c0000, 0x732c0000)
  object space 16384K, 27% used [0x6b2c0000,0x6b7164e8,0x6c2c0000)
Event: 29.472 GC heap after
Heap after GC invocations=25 (full 4):
 PSYoungGen      total 251392K, used 48186K [0x9dd40000, 0xb32c0000, 0xb32c0000)
  eden space 153088K, 0% used [0x9dd40000,0x9dd40000,0xa72c0000)
  from space 98304K, 49% used [0xa72c0000,0xaa1cebc0,0xad2c0000)
  to   space 96000K, 0% used [0xad500000,0xad500000,0xb32c0000)
 ParOldGen       total 349440K, used 346972K [0x732c0000, 0x88800000, 0x9dd40000)
  object space 349440K, 99% used [0x732c0000,0x885972c8,0x88800000)
 PSPermGen       total 16384K, used 4441K [0x6b2c0000, 0x6c2c0000, 0x732c0000)
  object space 16384K, 27% used [0x6b2c0000,0x6b7164e8,0x6c2c0000)
}
Event: 30.754 GC heap before
{Heap before GC invocations=26 (full 5):
 PSYoungGen      total 251392K, used 48186K [0x9dd40000, 0xb32c0000, 0xb32c0000)
  eden space 153088K, 0% used [0x9dd40000,0x9dd40000,0xa72c0000)
  from space 98304K, 49% used [0xa72c0000,0xaa1cebc0,0xad2c0000)
  to   space 96000K, 0% used [0xad500000,0xad500000,0xb32c0000)
 ParOldGen       total 349440K, used 346972K [0x732c0000, 0x88800000, 0x9dd40000)
  object space 349440K, 99% used [0x732c0000,0x885972c8,0x88800000)
 PSPermGen       total 16384K, used 4441K [0x6b2c0000, 0x6c2c0000, 0x732c0000)
  object space 16384K, 27% used [0x6b2c0000,0x6b7164e8,0x6c2c0000)

Deoptimization events (10 events):
Event: 18.840 Thread 0x67fec800 Uncommon trap: reason=bimorphic action=maybe_recompile pc=0xb3759ed8 method=com.android.dx.cf.code.BytecodeArray.parseInstruction(ILcom/android/dx/cf/code/BytecodeArray$Visitor;)I @ 1327
Event: 19.336 Thread 0x67ff2c00 Uncommon trap: reason=unstable_if action=reinterpret pc=0xb35a8d3c method=com.android.dx.cf.code.Merger.mergeType(Lcom/android/dx/rop/type/TypeBearer;Lcom/android/dx/rop/type/TypeBearer;)Lcom/android/dx/rop/type/TypeBearer; @ 77
Event: 21.169 Thread 0x67ff1c00 Uncommon trap: reason=unstable_if action=reinterpret pc=0xb3665460 method=com.android.dx.ssa.InterferenceRegisterMapper.areAnyPinned(Lcom/android/dx/rop/code/RegisterSpecList;II)Z @ 68
Event: 21.194 Thread 0x67fec800 Uncommon trap: reason=unstable_if action=reinterpret pc=0xb35b93ec method=com.android.dx.cf.code.Merger.mergeType(Lcom/android/dx/rop/type/TypeBearer;Lcom/android/dx/rop/type/TypeBearer;)Lcom/android/dx/rop/type/TypeBearer; @ 77
Event: 23.881 Thread 0x67fec800 Uncommon trap: reason=unstable_if action=reinterpret pc=0xb36b40d0 method=java.util.DualPivotQuicksort.sort([IIIZ)V @ 705
Event: 24.506 Thread 0x67ff1c00 Uncommon trap: reason=predicate action=maybe_recompile pc=0xb352f060 method=com.android.dx.ssa.DomFront.run()[Lcom/android/dx/ssa/DomFront$DomInfo; @ 175
Event: 24.506 Thread 0x67ff1c00 Uncommon trap: reason=unstable_if action=reinterpret pc=0xb3456820 method=com.android.dx.ssa.SetFactory.makeDomFrontSet(I)Lcom/android/dx/util/IntSet; @ 4
Event: 24.519 Thread 0x67ff1c00 Uncommon trap: reason=unloaded action=reinterpret pc=0xb3769014 method=com.android.dx.ssa.SetFactory.makeDomFrontSet(I)Lcom/android/dx/util/IntSet; @ 18
Event: 24.520 Thread 0x67ff1c00 Uncommon trap: reason=class_check action=maybe_recompile pc=0xb34f3dd8 method=com.android.dx.ssa.DomFront.calcDomFronts()V @ 101
Event: 24.534 Thread 0x67ff1c00 Uncommon trap: reason=class_check action=maybe_recompile pc=0xb344a3a8 method=com.android.dx.ssa.SsaConverter.placePhiFunctions(Lcom/android/dx/ssa/SsaMethod;Lcom/android/dx/ssa/LocalVariableInfo;I)V @ 257

Internal exceptions (10 events):
Event: 5.583 Thread 0xb6407c00 Threw 0xa0119758 at /build/openjdk-7-EUuUjL/openjdk-7-7u95-2.6.4/build/openjdk/hotspot/src/share/vm/prims/jvm.cpp:1322
Event: 13.814 Thread 0xb6407c00 Threw 0xa1bf52b8 at /build/openjdk-7-EUuUjL/openjdk-7-7u95-2.6.4/build/openjdk/hotspot/src/share/vm/prims/jvm.cpp:1322
Event: 14.799 Thread 0x67ff2c00 Threw 0xa2171430 at /build/openjdk-7-EUuUjL/openjdk-7-7u95-2.6.4/build/openjdk/hotspot/src/share/vm/prims/jvm.cpp:1322
Event: 15.020 Thread 0x67ff2c00 Implicit null exception at 0xb3517fb8 to 0xb3518989
Event: 15.020 Thread 0x67ff2c00 Implicit null exception at 0xb35b7f31 to 0xb35b80b9
Event: 15.053 Thread 0x67ff1c00 Implicit null exception at 0xb351765f to 0xb35177c5
Event: 15.053 Thread 0x67ff1c00 Implicit null exception at 0xb33fe419 to 0xb33fe515
Event: 15.486 Thread 0x67ff2c00 Implicit null exception at 0xb36add28 to 0xb36aee5d
Event: 24.506 Thread 0x67ff1c00 Threw 0xa46e8608 at /build/openjdk-7-EUuUjL/openjdk-7-7u95-2.6.4/build/openjdk/hotspot/src/share/vm/prims/jvm.cpp:1322
Event: 24.534 Thread 0x67ff1c00 Threw 0xa4e08920 at /build/openjdk-7-EUuUjL/openjdk-7-7u95-2.6.4/build/openjdk/hotspot/src/share/vm/prims/jvm.cpp:1322

Events (10 events):
Event: 24.519 Thread 0x67ff1c00 DEOPT UNPACKING pc=0xb33d1bc8 sp=0x67515c34 mode 2
Event: 24.520 Thread 0x67ff1c00 Uncommon trap: trap_request=0xffffffde fr.pc=0xb34f3dd8
Event: 24.520 Thread 0x67ff1c00 DEOPT PACKING pc=0xb34f3dd8 sp=0x67515c00
Event: 24.520 Thread 0x67ff1c00 DEOPT UNPACKING pc=0xb33d1bc8 sp=0x67515c00 mode 2
Event: 24.534 Thread 0x67ff1c00 Uncommon trap: trap_request=0xffffffde fr.pc=0xb344a3a8
Event: 24.534 Thread 0x67ff1c00 DEOPT PACKING pc=0xb344a3a8 sp=0x67515cb0
Event: 24.534 Thread 0x67ff1c00 DEOPT UNPACKING pc=0xb33d1bc8 sp=0x67515cbc mode 2
Event: 24.534 loading class 0x67338230
Event: 24.534 loading class 0x67338230 done
Event: 24.625 Executing VM operation: ParallelGCFailedAllocation


Dynamic libraries:
08048000-08049000 r-xp 00000000 08:01 14947556   /usr/lib/jvm/java-7-openjdk-i386/jre/bin/java
08049000-0804a000 r--p 00000000 08:01 14947556   /usr/lib/jvm/java-7-openjdk-i386/jre/bin/java
0804a000-0804b000 rw-p 00001000 08:01 14947556   /usr/lib/jvm/java-7-openjdk-i386/jre/bin/java
09cd8000-0a68e000 rw-p 00000000 00:00 0          [heap]
65d00000-65de0000 rw-p 00000000 00:00 0 
65de0000-65e00000 ---p 00000000 00:00 0 
65e00000-65ee0000 rw-p 00000000 00:00 0 
65ee0000-65f00000 ---p 00000000 00:00 0 
65f00000-66100000 rw-p 00000000 00:00 0 
66100000-661e8000 rw-p 00000000 00:00 0 
661e8000-66200000 ---p 00000000 00:00 0 
66200000-662f9000 rw-p 00000000 00:00 0 
662f9000-66300000 ---p 00000000 00:00 0 
66300000-663fe000 rw-p 00000000 00:00 0 
663fe000-66400000 ---p 00000000 00:00 0 
66500000-665fb000 rw-p 00000000 00:00 0 
665fb000-66600000 ---p 00000000 00:00 0 
66700000-667f4000 rw-p 00000000 00:00 0 
667f4000-66800000 ---p 00000000 00:00 0 
66800000-668f6000 rw-p 00000000 00:00 0 
668f6000-66900000 ---p 00000000 00:00 0 
66900000-669fd000 rw-p 00000000 00:00 0 
669fd000-66a00000 ---p 00000000 00:00 0 
66b00000-66bf9000 rw-p 00000000 00:00 0 
66bf9000-66c00000 ---p 00000000 00:00 0 
66c00000-66cfb000 rw-p 00000000 00:00 0 
66cfb000-66d00000 ---p 00000000 00:00 0 
66d00000-66dff000 rw-p 00000000 00:00 0 
66dff000-66e00000 ---p 00000000 00:00 0 
66f00000-66ffd000 rw-p 00000000 00:00 0 
66ffd000-67000000 ---p 00000000 00:00 0 
67100000-671ee000 rw-p 00000000 00:00 0 
671ee000-67200000 ---p 00000000 00:00 0 
67200000-672f8000 rw-p 00000000 00:00 0 
672f8000-67300000 ---p 00000000 00:00 0 
67300000-673d5000 rw-p 00000000 00:00 0 
673d5000-67400000 ---p 00000000 00:00 0 
67475000-67478000 ---p 00000000 00:00 0 
67478000-674c6000 rw-p 00000000 00:00 0          [stack:15845]
674c6000-674c9000 ---p 00000000 00:00 0 
674c9000-67517000 rw-p 00000000 00:00 0          [stack:15844]
67517000-6751a000 ---p 00000000 00:00 0 
6751a000-67568000 rw-p 00000000 00:00 0          [stack:15843]
67568000-6756b000 ---p 00000000 00:00 0 
6756b000-675b9000 rw-p 00000000 00:00 0          [stack:15842]
675b9000-675bc000 ---p 00000000 00:00 0 
675bc000-6760a000 rw-p 00000000 00:00 0          [stack:15841]
6760a000-67646000 r-xp 00000000 08:01 13632519   /lib/i386-linux-gnu/libpcre.so.3.13.1
67646000-67647000 r--p 0003b000 08:01 13632519   /lib/i386-linux-gnu/libpcre.so.3.13.1
67647000-67648000 rw-p 0003c000 08:01 13632519   /lib/i386-linux-gnu/libpcre.so.3.13.1
67648000-6765b000 r-xp 00000000 08:01 13635876   /lib/i386-linux-gnu/libresolv-2.19.so
6765b000-6765c000 ---p 00013000 08:01 13635876   /lib/i386-linux-gnu/libresolv-2.19.so
6765c000-6765d000 r--p 00013000 08:01 13635876   /lib/i386-linux-gnu/libresolv-2.19.so
6765d000-6765e000 rw-p 00014000 08:01 13635876   /lib/i386-linux-gnu/libresolv-2.19.so
6765e000-67660000 rw-p 00000000 00:00 0 
67660000-67680000 r-xp 00000000 08:01 13632631   /lib/i386-linux-gnu/libselinux.so.1
67680000-67681000 r--p 0001f000 08:01 13632631   /lib/i386-linux-gnu/libselinux.so.1
67681000-67682000 rw-p 00020000 08:01 13632631   /lib/i386-linux-gnu/libselinux.so.1
67682000-67683000 rw-p 00000000 00:00 0 
67683000-6778d000 r-xp 00000000 08:01 13635724   /lib/i386-linux-gnu/libglib-2.0.so.0.4002.0
6778d000-6778e000 r--p 00109000 08:01 13635724   /lib/i386-linux-gnu/libglib-2.0.so.0.4002.0
6778e000-6778f000 rw-p 0010a000 08:01 13635724   /lib/i386-linux-gnu/libglib-2.0.so.0.4002.0
6778f000-677df000 r-xp 00000000 08:01 14947260   /usr/lib/i386-linux-gnu/libgobject-2.0.so.0.4002.0
677df000-677e0000 r--p 0004f000 08:01 14947260   /usr/lib/i386-linux-gnu/libgobject-2.0.so.0.4002.0
677e0000-677e1000 rw-p 00050000 08:01 14947260   /usr/lib/i386-linux-gnu/libgobject-2.0.so.0.4002.0
677e1000-6795e000 r-xp 00000000 08:01 14947264   /usr/lib/i386-linux-gnu/libgio-2.0.so.0.4002.0
6795e000-67960000 r--p 0017d000 08:01 14947264   /usr/lib/i386-linux-gnu/libgio-2.0.so.0.4002.0
67960000-67961000 rw-p 0017f000 08:01 14947264   /usr/lib/i386-linux-gnu/libgio-2.0.so.0.4002.0
67961000-67962000 rw-p 00000000 00:00 0 
67962000-67a39000 r--s 008fa000 08:01 1845614    /home/user/AndroidStudioProjects/classMates/app/build/intermediates/transforms/jarMerging/debug/jars/1/1f/combined.jar
67a39000-67a3a000 ---p 00000000 00:00 0 
67a3a000-67aba000 rw-p 00000000 00:00 0          [stack:15839]
67aba000-67abd000 ---p 00000000 00:00 0 
67abd000-67b0b000 rw-p 00000000 00:00 0          [stack:15838]
67b0b000-67b0e000 ---p 00000000 00:00 0 
67b0e000-67b8c000 rw-p 00000000 00:00 0          [stack:15837]
67b8c000-67b8f000 ---p 00000000 00:00 0 
67b8f000-67c0d000 rw-p 00000000 00:00 0          [stack:15836]
67c0d000-67c10000 ---p 00000000 00:00 0 
67c10000-67c5e000 rw-p 00000000 00:00 0          [stack:15835]
67c5e000-67e5e000 r--p 00000000 08:01 14950563   /usr/lib/locale/locale-archive
67e5e000-67e61000 ---p 00000000 00:00 0 
67e61000-67eaf000 rw-p 00000000 00:00 0          [stack:15834]
67eaf000-67eb2000 ---p 00000000 00:00 0 
67eb2000-67f00000 rw-p 00000000 00:00 0          [stack:15833]
67f00000-68000000 rw-p 00000000 00:00 0 
68004000-68009000 r-xp 00000000 08:01 14946000   /usr/lib/i386-linux-gnu/libffi.so.6.0.1
68009000-6800a000 r--p 00005000 08:01 14946000   /usr/lib/i386-linux-gnu/libffi.so.6.0.1
6800a000-6800b000 rw-p 00006000 08:01 14946000   /usr/lib/i386-linux-gnu/libffi.so.6.0.1
68020000-68038000 r-xp 00000000 08:01 14948482   /usr/lib/jvm/java-7-openjdk-i386/jre/lib/i386/libnet.so
68038000-68039000 r--p 00017000 08:01 14948482   /usr/lib/jvm/java-7-openjdk-i386/jre/lib/i386/libnet.so
68039000-6803a000 rw-p 00018000 08:01 14948482   /usr/lib/jvm/java-7-openjdk-i386/jre/lib/i386/libnet.so
6803a000-6804b000 r-xp 00000000 08:01 14948236   /usr/lib/jvm/java-7-openjdk-i386/jre/lib/i386/libnio.so
6804b000-6804c000 r--p 00010000 08:01 14948236   /usr/lib/jvm/java-7-openjdk-i386/jre/lib/i386/libnio.so
6804c000-6804d000 rw-p 00011000 08:01 14948236   /usr/lib/jvm/java-7-openjdk-i386/jre/lib/i386/libnio.so
6804d000-6804e000 ---p 00000000 00:00 0 
6804e000-680ce000 rw-p 00000000 00:00 0          [stack:15832]
680ce000-68280000 r--s 01d2f000 08:01 14948612   /usr/lib/jvm/java-7-openjdk-i386/jre/lib/rt.jar
68280000-6ab00000 rw-p 00000000 00:00 0 
6ab00000-6abfa000 rw-p 00000000 00:00 0 
6abfa000-6ac00000 ---p 00000000 00:00 0 
6ac27000-6ac36000 r--s 000df000 08:01 10756869   /home/user/adt-bundle-linux-x86-20130729/sdk/build-tools/23.0.3/lib/dx.jar
6ac36000-6ac7f000 rw-p 00000000 00:00 0 
6ac7f000-6ac80000 ---p 00000000 00:00 0 
6ac80000-6ad00000 rw-p 00000000 00:00 0          [stack:15831]
6ad00000-6ad3c000 rw-p 00000000 00:00 0 
6ad3c000-6ae00000 ---p 00000000 00:00 0 
6ae05000-6ae08000 r-xp 00000000 08:01 14947265   /usr/lib/i386-linux-gnu/libgmodule-2.0.so.0.4002.0
6ae08000-6ae09000 r--p 00002000 08:01 14947265   /usr/lib/i386-linux-gnu/libgmodule-2.0.so.0.4002.0
6ae09000-6ae0a000 rw-p 00003000 08:01 14947265   /usr/lib/i386-linux-gnu/libgmodule-2.0.so.0.4002.0
6ae0a000-6ae0d000 r--s 0000f000 08:01 14949381   /usr/lib/jvm/java-7-openjdk-i386/jre/lib/ext/icedtea-sound.jar
6ae0d000-6ae68000 rw-p 00000000 00:00 0 
6ae68000-6ae69000 ---p 00000000 00:00 0 
6ae69000-6aef1000 rw-p 00000000 00:00 0          [stack:15830]
6aef1000-6af29000 rw-p 00000000 00:00 0 
6af29000-6afd4000 rw-p 00000000 00:00 0 
6afd4000-6b07f000 rw-p 00000000 00:00 0 
6b07f000-6b087000 rw-p 00000000 00:00 0 
6b087000-6b0bf000 rw-p 00000000 00:00 0 
6b0bf000-6b16a000 rw-p 00000000 00:00 0 
6b16a000-6b214000 rw-p 00000000 00:00 0 
6b214000-6b2bf000 rw-p 00000000 00:00 0 
6b2bf000-6c2c0000 rw-p 00000000 00:00 0 
6c2c0000-732c0000 rw-p 00000000 00:00 0 
732c0000-88800000 rw-p 00000000 00:00 0 
90b80000-9dd40000 rw-p 00000000 00:00 0 
9dd40000-b32c0000 rw-p 00000000 00:00 0 
b32c2000-b32c6000 r--s 00085000 08:01 14948788   /usr/lib/jvm/java-7-openjdk-i386/jre/lib/ext/localedata.jar
b32c6000-b32ca000 r--s 0003c000 08:01 14949361   /usr/lib/jvm/java-7-openjdk-i386/jre/lib/ext/sunpkcs11.jar
b32ca000-b32f6000 rw-p 00000000 00:00 0 
b32f6000-b33a5000 rw-p 00000000 00:00 0 
b33a5000-b37ad000 rwxp 00000000 00:00 0 
b37ad000-b63a5000 rw-p 00000000 00:00 0 
b63a5000-b63b0000 r-xp 00000000 08:01 13635878   /lib/i386-linux-gnu/libnss_files-2.19.so
b63b0000-b63b1000 r--p 0000a000 08:01 13635878   /lib/i386-linux-gnu/libnss_files-2.19.so
b63b1000-b63b2000 rw-p 0000b000 08:01 13635878   /lib/i386-linux-gnu/libnss_files-2.19.so
b63b2000-b63bc000 r-xp 00000000 08:01 13631584   /lib/i386-linux-gnu/libnss_nis-2.19.so
b63bc000-b63bd000 r--p 00009000 08:01 13631584   /lib/i386-linux-gnu/libnss_nis-2.19.so
b63bd000-b63be000 rw-p 0000a000 08:01 13631584   /lib/i386-linux-gnu/libnss_nis-2.19.so
b63be000-b63d3000 r-xp 00000000 08:01 13631585   /lib/i386-linux-gnu/libnsl-2.19.so
b63d3000-b63d4000 r--p 00015000 08:01 13631585   /lib/i386-linux-gnu/libnsl-2.19.so
b63d4000-b63d5000 rw-p 00016000 08:01 13631585   /lib/i386-linux-gnu/libnsl-2.19.so
b63d5000-b63d7000 rw-p 00000000 00:00 0 
b63d7000-b63fe000 r-xp 00000000 08:01 14948425   /usr/lib/jvm/java-7-openjdk-i386/jre/lib/i386/libjava.so
b63fe000-b63ff000 r--p 00026000 08:01 14948425   /usr/lib/jvm/java-7-openjdk-i386/jre/lib/i386/libjava.so
b63ff000-b6400000 rw-p 00027000 08:01 14948425   /usr/lib/jvm/java-7-openjdk-i386/jre/lib/i386/libjava.so
b6400000-b64fd000 rw-p 00000000 00:00 0 
b64fd000-b6500000 ---p 00000000 00:00 0 
b6502000-b6506000 r--s 00034000 08:01 14949305   /usr/lib/jvm/java-7-openjdk-i386/jre/lib/ext/sunjce_provider.jar
b6506000-b650d000 r-xp 00000000 08:01 13631590   /lib/i386-linux-gnu/libnss_compat-2.19.so
b650d000-b650e000 r--p 00006000 08:01 13631590   /lib/i386-linux-gnu/libnss_compat-2.19.so
b650e000-b650f000 rw-p 00007000 08:01 13631590   /lib/i386-linux-gnu/libnss_compat-2.19.so
b650f000-b6510000 r--s 00002000 08:01 14949379   /usr/lib/jvm/java-7-openjdk-i386/jre/lib/ext/dnsns.jar
b6510000-b6512000 r--s 00012000 08:01 14949356   /usr/lib/jvm/java-7-openjdk-i386/jre/lib/ext/zipfs.jar
b6512000-b651a000 r-xp 00000000 08:01 14948210   /usr/lib/jvm/java-7-openjdk-i386/jre/lib/i386/libzip.so
b651a000-b651b000 r--p 00007000 08:01 14948210   /usr/lib/jvm/java-7-openjdk-i386/jre/lib/i386/libzip.so
b651b000-b651c000 rw-p 00008000 08:01 14948210   /usr/lib/jvm/java-7-openjdk-i386/jre/lib/i386/libzip.so
b651c000-b6524000 rw-s 00000000 08:01 1197802    /tmp/hsperfdata_user/15825
b6524000-b652b000 r-xp 00000000 08:01 13635879   /lib/i386-linux-gnu/librt-2.19.so
b652b000-b652c000 r--p 00006000 08:01 13635879   /lib/i386-linux-gnu/librt-2.19.so
b652c000-b652d000 rw-p 00007000 08:01 13635879   /lib/i386-linux-gnu/librt-2.19.so
b652d000-b6530000 ---p 00000000 00:00 0 
b6530000-b657e000 rw-p 00000000 00:00 0          [stack:15829]
b657e000-b659a000 r-xp 00000000 08:01 13631517   /lib/i386-linux-gnu/libgcc_s.so.1
b659a000-b659b000 rw-p 0001b000 08:01 13631517   /lib/i386-linux-gnu/libgcc_s.so.1
b659b000-b65df000 r-xp 00000000 08:01 13631589   /lib/i386-linux-gnu/libm-2.19.so
b65df000-b65e0000 r--p 00043000 08:01 13631589   /lib/i386-linux-gnu/libm-2.19.so
b65e0000-b65e1000 rw-p 00044000 08:01 13631589   /lib/i386-linux-gnu/libm-2.19.so
b65e1000-b66bd000 r-xp 00000000 08:01 14945954   /usr/lib/i386-linux-gnu/libstdc++.so.6.0.19
b66bd000-b66c1000 r--p 000dc000 08:01 14945954   /usr/lib/i386-linux-gnu/libstdc++.so.6.0.19
b66c1000-b66c2000 rw-p 000e0000 08:01 14945954   /usr/lib/i386-linux-gnu/libstdc++.so.6.0.19
b66c2000-b66c9000 rw-p 00000000 00:00 0 
b66c9000-b70c0000 r-xp 00000000 08:01 14948212   /usr/lib/jvm/java-7-openjdk-i386/jre/lib/i386/server/libjvm.so
b70c0000-b7112000 r--p 009f7000 08:01 14948212   /usr/lib/jvm/java-7-openjdk-i386/jre/lib/i386/server/libjvm.so
b7112000-b7126000 rw-p 00a49000 08:01 14948212   /usr/lib/jvm/java-7-openjdk-i386/jre/lib/i386/server/libjvm.so
b7126000-b7544000 rw-p 00000000 00:00 0 
b7544000-b755c000 r-xp 00000000 08:01 13632664   /lib/i386-linux-gnu/libz.so.1.2.8
b755c000-b755d000 r--p 00017000 08:01 13632664   /lib/i386-linux-gnu/libz.so.1.2.8
b755d000-b755e000 rw-p 00018000 08:01 13632664   /lib/i386-linux-gnu/libz.so.1.2.8
b755e000-b7576000 r-xp 00000000 08:01 13635721   /lib/i386-linux-gnu/libpthread-2.19.so
b7576000-b7577000 r--p 00018000 08:01 13635721   /lib/i386-linux-gnu/libpthread-2.19.so
b7577000-b7578000 rw-p 00019000 08:01 13635721   /lib/i386-linux-gnu/libpthread-2.19.so
b7578000-b757a000 rw-p 00000000 00:00 0 
b757a000-b757d000 r-xp 00000000 08:01 13631582   /lib/i386-linux-gnu/libdl-2.19.so
b757d000-b757e000 r--p 00002000 08:01 13631582   /lib/i386-linux-gnu/libdl-2.19.so
b757e000-b757f000 rw-p 00003000 08:01 13631582   /lib/i386-linux-gnu/libdl-2.19.so
b757f000-b7727000 r-xp 00000000 08:01 13631581   /lib/i386-linux-gnu/libc-2.19.so
b7727000-b7729000 r--p 001a8000 08:01 13631581   /lib/i386-linux-gnu/libc-2.19.so
b7729000-b772a000 rw-p 001aa000 08:01 13631581   /lib/i386-linux-gnu/libc-2.19.so
b772a000-b772d000 rw-p 00000000 00:00 0 
b772d000-b772f000 r--s 00006000 08:01 393877     /usr/share/java/java-atk-wrapper.jar
b772f000-b7730000 r--p 00850000 08:01 14950563   /usr/lib/locale/locale-archive
b7730000-b7731000 rw-p 00000000 00:00 0 
b7731000-b7732000 ---p 00000000 00:00 0 
b7732000-b7740000 r-xp 00000000 08:01 14948232   /usr/lib/jvm/java-7-openjdk-i386/jre/lib/i386/libverify.so
b7740000-b7741000 r--p 0000d000 08:01 14948232   /usr/lib/jvm/java-7-openjdk-i386/jre/lib/i386/libverify.so
b7741000-b7742000 rw-p 0000e000 08:01 14948232   /usr/lib/jvm/java-7-openjdk-i386/jre/lib/i386/libverify.so
b7742000-b774e000 r-xp 00000000 08:01 14948131   /usr/lib/jvm/java-7-openjdk-i386/jre/lib/i386/jli/libjli.so
b774e000-b774f000 r--p 0000c000 08:01 14948131   /usr/lib/jvm/java-7-openjdk-i386/jre/lib/i386/jli/libjli.so
b774f000-b7750000 rw-p 0000d000 08:01 14948131   /usr/lib/jvm/java-7-openjdk-i386/jre/lib/i386/jli/libjli.so
b7750000-b7753000 rw-p 00000000 00:00 0 
b7753000-b7754000 r-xp 00000000 00:00 0          [vdso]
b7754000-b7774000 r-xp 00000000 08:01 13631583   /lib/i386-linux-gnu/ld-2.19.so
b7774000-b7775000 r--p 0001f000 08:01 13631583   /lib/i386-linux-gnu/ld-2.19.so
b7775000-b7776000 rw-p 00020000 08:01 13631583   /lib/i386-linux-gnu/ld-2.19.so
bfeb7000-bfeb8000 rwxp 00000000 00:00 0 
bfeea000-bff0b000 rw-p 00000000 00:00 0          [stack]

VM Arguments:
jvm_args: -Djava.awt.headless=true -Xmx1024M -Dfile.encoding=UTF-8 -Duser.country=IN -Duser.language=en -Duser.variant 
java_command: com.android.dx.command.Main --dex --num-threads=4 --multi-dex --main-dex-list /home/user/AndroidStudioProjects/classMates/app/build/intermediates/multi-dex/debug/maindexlist.txt --output /home/user/AndroidStudioProjects/classMates/app/build/intermediates/transforms/dex/debug/folders/1000/1f/main /home/user/AndroidStudioProjects/classMates/app/build/intermediates/transforms/jarMerging/debug/jars/1/1f/combined.jar
Launcher Type: SUN_STANDARD

Environment Variables:
PATH=/usr/local/sbin:/usr/local/bin:/usr/sbin:/usr/bin:/sbin:/bin:/usr/games:/usr/local/games
LD_LIBRARY_PATH=/home/user/android-studio/bin:
SHELL=/bin/bash
DISPLAY=:0

Signal Handlers:
SIGSEGV: [libjvm.so+0x813b10], sa_mask[0]=0x7ffbfeff, sa_flags=0x10000004
SIGBUS: [libjvm.so+0x813b10], sa_mask[0]=0x7ffbfeff, sa_flags=0x10000004
SIGFPE: [libjvm.so+0x6893f0], sa_mask[0]=0x7ffbfeff, sa_flags=0x10000004
SIGPIPE: [libjvm.so+0x6893f0], sa_mask[0]=0x7ffbfeff, sa_flags=0x10000004
SIGXFSZ: [libjvm.so+0x6893f0], sa_mask[0]=0x7ffbfeff, sa_flags=0x10000004
SIGILL: [libjvm.so+0x6893f0], sa_mask[0]=0x7ffbfeff, sa_flags=0x10000004
SIGUSR1: SIG_DFL, sa_mask[0]=0x00000000, sa_flags=0x00000000
SIGUSR2: [libjvm.so+0x689280], sa_mask[0]=0x00000004, sa_flags=0x10000004
SIGHUP: [libjvm.so+0x6894b0], sa_mask[0]=0x7ffbfeff, sa_flags=0x10000004
SIGINT: [libjvm.so+0x6894b0], sa_mask[0]=0x7ffbfeff, sa_flags=0x10000004
SIGTERM: [libjvm.so+0x6894b0], sa_mask[0]=0x7ffbfeff, sa_flags=0x10000004
SIGQUIT: [libjvm.so+0x6894b0], sa_mask[0]=0x7ffbfeff, sa_flags=0x10000004
SIGTRAP: SIG_DFL, sa_mask[0]=0x00000000, sa_flags=0x00000000


---------------  S Y S T E M  ---------------

OS:Ubuntu 14.04 (trusty)
uname:Linux 3.13.0-76-generic #120-Ubuntu SMP Mon Jan 18 15:58:41 UTC 2016 i686
libc:glibc 2.19 NPTL 2.19 
rlimit: STACK 8192k, CORE 0k, NPROC 31229, NOFILE 4096, AS infinity
load average:27.93 14.72 8.17

/proc/meminfo:
MemTotal:        4016568 kB
MemFree:          209852 kB
Buffers:             908 kB
Cached:           326728 kB
SwapCached:        78724 kB
Active:          2774508 kB
Inactive:         939884 kB
Active(anon):    2772228 kB
Inactive(anon):   922972 kB
Active(file):       2280 kB
Inactive(file):    16912 kB
Unevictable:          48 kB
Mlocked:              48 kB
HighTotal:       3163656 kB
HighFree:          40352 kB
LowTotal:         852912 kB
LowFree:          169500 kB
SwapTotal:       1975292 kB
SwapFree:              4 kB
Dirty:                52 kB
Writeback:             0 kB
AnonPages:       3309624 kB
Mapped:            48080 kB
Shmem:            308348 kB
Slab:              41848 kB
SReclaimable:      18992 kB
SUnreclaim:        22856 kB
KernelStack:        5464 kB
PageTables:        27076 kB
NFS_Unstable:          0 kB
Bounce:                0 kB
WritebackTmp:          0 kB
CommitLimit:     3983576 kB
Committed_AS:   13242584 kB
VmallocTotal:     122880 kB
VmallocUsed:       14196 kB
VmallocChunk:     100488 kB
HardwareCorrupted:     0 kB
AnonHugePages:   1415168 kB
HugePages_Total:       0
HugePages_Free:        0
HugePages_Rsvd:        0
HugePages_Surp:        0
Hugepagesize:       2048 kB
DirectMap4k:       24568 kB
DirectMap2M:      886784 kB


CPU:total 2 (2 cores per cpu, 1 threads per core) family 6 model 58 stepping 9, cmov, cx8, fxsr, mmx, sse, sse2, sse3, ssse3, sse4.1, sse4.2, popcnt, erms, tsc, tscinvbit, tscinv

/proc/cpuinfo:
processor	: 0
vendor_id	: GenuineIntel
cpu family	: 6
model		: 58
model name	: Intel(R) Pentium(R) CPU G2010 @ 2.80GHz
stepping	: 9
microcode	: 0x17
cpu MHz		: 2800.000
cache size	: 3072 KB
physical id	: 0
siblings	: 2
core id		: 0
cpu cores	: 2
apicid		: 0
initial apicid	: 0
fdiv_bug	: no
f00f_bug	: no
coma_bug	: no
fpu		: yes
fpu_exception	: yes
cpuid level	: 13
wp		: yes
flags		: fpu vme de pse tsc msr pae mce cx8 apic sep mtrr pge mca cmov pat pse36 clflush dts acpi mmx fxsr sse sse2 ss ht tm pbe nx rdtscp lm constant_tsc arch_perfmon pebs bts xtopology nonstop_tsc aperfmperf eagerfpu pni pclmulqdq dtes64 monitor ds_cpl vmx est tm2 ssse3 cx16 xtpr pdcm pcid sse4_1 sse4_2 popcnt tsc_deadline_timer xsave lahf_lm arat epb xsaveopt pln pts dtherm tpr_shadow vnmi flexpriority ept vpid fsgsbase smep erms
bogomips	: 5587.67
clflush size	: 64
cache_alignment	: 64
address sizes	: 36 bits physical, 48 bits virtual
power management:

processor	: 1
vendor_id	: GenuineIntel
cpu family	: 6
model		: 58
model name	: Intel(R) Pentium(R) CPU G2010 @ 2.80GHz
stepping	: 9
microcode	: 0x17
cpu MHz		: 2800.000
cache size	: 3072 KB
physical id	: 0
siblings	: 2
core id		: 1
cpu cores	: 2
apicid		: 2
initial apicid	: 2
fdiv_bug	: no
f00f_bug	: no
coma_bug	: no
fpu		: yes
fpu_exception	: yes
cpuid level	: 13
wp		: yes
flags		: fpu vme de pse tsc msr pae mce cx8 apic sep mtrr pge mca cmov pat pse36 clflush dts acpi mmx fxsr sse sse2 ss ht tm pbe nx rdtscp lm constant_tsc arch_perfmon pebs bts xtopology nonstop_tsc aperfmperf eagerfpu pni pclmulqdq dtes64 monitor ds_cpl vmx est tm2 ssse3 cx16 xtpr pdcm pcid sse4_1 sse4_2 popcnt tsc_deadline_timer xsave lahf_lm arat epb xsaveopt pln pts dtherm tpr_shadow vnmi flexpriority ept vpid fsgsbase smep erms
bogomips	: 5587.67
clflush size	: 64
cache_alignment	: 64
address sizes	: 36 bits physical, 48 bits virtual
power management:



Memory: 4k page, physical 4016568k(224324k free), swap 1975292k(0k free)

vm_info: OpenJDK Server VM (24.95-b01) for linux-x86 JRE (1.7.0_95-b00), built on Jan 21 2016 03:37:15 by "buildd" with gcc 4.8.4

time: Fri Jul  8 16:01:07 2016
elapsed time: 198 seconds

