#
# There is insufficient memory for the Java Runtime Environment to continue.
# Native memory allocation (malloc) failed to allocate 147062784 bytes for committing reserved memory.
# Possible reasons:
#   The system is out of physical RAM or swap space
#   In 32 bit mode, the process size limit was hit
# Possible solutions:
#   Reduce memory load on the system
#   Increase physical memory or swap space
#   Check if swap backing store is full
#   Use 64 bit Java on a 64 bit OS
#   Decrease Java heap size (-Xmx/-Xms)
#   Decrease number of Java threads
#   Decrease Java thread stack sizes (-Xss)
#   Set larger code cache with -XX:ReservedCodeCacheSize=
# This output file may be truncated or incomplete.
#
#  Out of Memory Error (os_linux.cpp:2827), pid=14092, tid=1791642432
#
# JRE version: OpenJDK Runtime Environment (7.0_95) (build 1.7.0_95-b00)
# Java VM: OpenJDK Server VM (24.95-b01 mixed mode linux-x86 )
# Derivative: IcedTea 2.6.4
# Distribution: Ubuntu 14.04.3 LTS, package 7u95-2.6.4-0ubuntu0.14.04.1
# Failed to write core dump. Core dumps have been disabled. To enable core dumping, try "ulimit -c unlimited" before starting Java again
#

---------------  T H R E A D  ---------------

Current thread (0x67f10400):  VMThread [stack: 0x6ac24000,0x6aca5000] [id=14099]

Stack: [0x6ac24000,0x6aca5000]
VM_Operation (0x675c6b28): ParallelGCFailedAllocation, mode: safepoint, requested by thread 0x67fe0c00


---------------  P R O C E S S  ---------------

Java Threads: ( => current thread )
  0x67fe3c00 JavaThread "pool-2-thread-4" [_thread_blocked, id=14113, stack(0x674d5000,0x67526000)]
  0x67fe2400 JavaThread "pool-2-thread-3" [_thread_blocked, id=14112, stack(0x67526000,0x67577000)]
  0x67fe0c00 JavaThread "pool-2-thread-2" [_thread_blocked, id=14111, stack(0x67577000,0x675c8000)]
  0x67fdfc00 JavaThread "pool-3-thread-1" [_thread_blocked, id=14110, stack(0x675c8000,0x67619000)]
  0x67f7d800 JavaThread "pool-2-thread-1" [_thread_blocked, id=14109, stack(0x67619000,0x6766a000)]
  0x67f2b400 JavaThread "Service Thread" daemon [_thread_blocked, id=14105, stack(0x67b5c000,0x67bad000)]
  0x67f29800 JavaThread "C2 CompilerThread1" daemon [_thread_blocked, id=14104, stack(0x67bad000,0x67c2e000)]
  0x67f27800 JavaThread "C2 CompilerThread0" daemon [_thread_blocked, id=14103, stack(0x67c2e000,0x67caf000)]
  0x67f25c00 JavaThread "Signal Dispatcher" daemon [_thread_blocked, id=14102, stack(0x67caf000,0x67d00000)]
  0x67f14400 JavaThread "Finalizer" daemon [_thread_blocked, id=14101, stack(0x6802c000,0x6807d000)]
  0x67f12c00 JavaThread "Reference Handler" daemon [_thread_blocked, id=14100, stack(0x6807d000,0x680ce000)]
  0xb6407c00 JavaThread "main" [_thread_blocked, id=14096, stack(0xb658c000,0xb65dd000)]

Other Threads:
=>0x67f10400 VMThread [stack: 0x6ac24000,0x6aca5000] [id=14099]
  0x67f2d000 WatcherThread [stack: 0x67adb000,0x67b5c000] [id=14106]

VM state:at safepoint (normal execution)

VM Mutex/Monitor currently owned by a thread:  ([mutex/lock_event])
[0xb6404e58] ExpandHeap_lock - owner thread: 0x67f10400
[0xb64053a0] Threads_lock - owner thread: 0x67f10400
[0xb64057b0] Heap_lock - owner thread: 0x67fe0c00

Heap
 PSYoungGen      total 262144K, used 15215K [0x9ddc0000, 0xb3340000, 0xb3340000)
  eden space 174592K, 0% used [0x9ddc0000,0x9ddc0000,0xa8840000)
  from space 87552K, 17% used [0xa8840000,0xa971bce0,0xaddc0000)
  to   space 87552K, 0% used [0xaddc0000,0xaddc0000,0xb3340000)
 ParOldGen       total 518656K, used 518419K [0x73340000, 0x92dc0000, 0x9ddc0000)
  object space 518656K, 99% used [0x73340000,0x92d84c50,0x92dc0000)
 PSPermGen       total 16384K, used 4438K [0x6b340000, 0x6c340000, 0x73340000)
  object space 16384K, 27% used [0x6b340000,0x6b795b90,0x6c340000)

Card table byte_map: [0x6b0ff000,0x6b340000] byte_map_base: 0x6ada5600

Polling page: 0xb7790000

Code Cache  [0xb3400000, 0xb3810000, 0xb6400000)
 total_blobs=1347 nmethods=1225 adapters=76 free_code_cache=45185Kb largest_free_block=46103488

Compilation events (10 events):
Event: 91.986 Thread 0x67f29800 nmethod 1289% 0xb3644308 code [0xb3644440, 0xb3644884]
Event: 92.296 Thread 0x67f27800 nmethod 1288 0xb37ba148 code [0xb37ba3c0, 0xb37bb680]
Event: 92.315 Thread 0x67f29800 1290 %           com.android.dx.ssa.back.FirstFitLocalCombiningAllocator::handleUnassociatedParameters @ 10 (60 bytes)
Event: 92.318 Thread 0x67f29800 nmethod 1290% 0xb37c2f08 code [0xb37c3040, 0xb37c3250]
Event: 92.334 Thread 0x67f27800 1291             com.android.dx.util.BitIntSet::merge (148 bytes)
Event: 92.353 Thread 0x67f27800 nmethod 1291 0xb3648ac8 code [0xb3648c00, 0xb36491a4]
Event: 92.355 Thread 0x67f29800 1292             com.android.dx.ssa.InterferenceRegisterMapper::addInterfence (62 bytes)
Event: 92.367 Thread 0x67f29800 nmethod 1292 0xb36b0cc8 code [0xb36b0e60, 0xb36b1424]
Event: 92.490 Thread 0x67f27800 1293             com.android.dx.ssa.back.LivenessAnalyzer::constructInterferenceGraph (47 bytes)
Event: 92.496 Thread 0x67f27800 nmethod 1293 0xb36b0348 code [0xb36b04a0, 0xb36b08f0]

GC Heap History (10 events):
Event: 86.828 GC heap after
Heap after GC invocations=25 (full 5):
 PSYoungGen      total 284160K, used 39471K [0x9ddc0000, 0xb3340000, 0xb3340000)
  eden space 220672K, 0% used [0x9ddc0000,0x9ddc0000,0xab540000)
  from space 63488K, 62% used [0xaf540000,0xb1bcbd88,0xb3340000)
  to   space 64512K, 0% used [0xab540000,0xab540000,0xaf440000)
 ParOldGen       total 397312K, used 337355K [0x73340000, 0x8b740000, 0x9ddc0000)
  object space 397312K, 84% used [0x73340000,0x87cb2dd8,0x8b740000)
 PSPermGen       total 16384K, used 4431K [0x6b340000, 0x6c340000, 0x73340000)
  object space 16384K, 27% used [0x6b340000,0x6b793c18,0x6c340000)
}
Event: 89.057 GC heap before
{Heap before GC invocations=26 (full 5):
 PSYoungGen      total 284160K, used 260143K [0x9ddc0000, 0xb3340000, 0xb3340000)
  eden space 220672K, 100% used [0x9ddc0000,0xab540000,0xab540000)
  from space 63488K, 62% used [0xaf540000,0xb1bcbd88,0xb3340000)
  to   space 64512K, 0% used [0xab540000,0xab540000,0xaf440000)
 ParOldGen       total 397312K, used 337355K [0x73340000, 0x8b740000, 0x9ddc0000)
  object space 397312K, 84% used [0x73340000,0x87cb2dd8,0x8b740000)
 PSPermGen       total 16384K, used 4438K [0x6b340000, 0x6c340000, 0x73340000)
  object space 16384K, 27% used [0x6b340000,0x6b795b10,0x6c340000)
Event: 89.156 GC heap after
Heap after GC invocations=26 (full 5):
 PSYoungGen      total 254208K, used 33421K [0x9ddc0000, 0xb3140000, 0xb3340000)
  eden space 220672K, 0% used [0x9ddc0000,0x9ddc0000,0xab540000)
  from space 33536K, 99% used [0xab540000,0xad5e3548,0xad600000)
  to   space 62976K, 0% used [0xaf3c0000,0xaf3c0000,0xb3140000)
 ParOldGen       total 397312K, used 372519K [0x73340000, 0x8b740000, 0x9ddc0000)
  object space 397312K, 93% used [0x73340000,0x89f09e58,0x8b740000)
 PSPermGen       total 16384K, used 4438K [0x6b340000, 0x6c340000, 0x73340000)
  object space 16384K, 27% used [0x6b340000,0x6b795b10,0x6c340000)
}
Event: 89.156 GC heap before
{Heap before GC invocations=27 (full 6):
 PSYoungGen      total 254208K, used 33421K [0x9ddc0000, 0xb3140000, 0xb3340000)
  eden space 220672K, 0% used [0x9ddc0000,0x9ddc0000,0xab540000)
  from space 33536K, 99% used [0xab540000,0xad5e3548,0xad600000)
  to   space 62976K, 0% used [0xaf3c0000,0xaf3c0000,0xb3140000)
 ParOldGen       total 397312K, used 372519K [0x73340000, 0x8b740000, 0x9ddc0000)
  object space 397312K, 93% used [0x73340000,0x89f09e58,0x8b740000)
 PSPermGen       total 16384K, used 4438K [0x6b340000, 0x6c340000, 0x73340000)
  object space 16384K, 27% used [0x6b340000,0x6b795b10,0x6c340000)
Event: 90.447 GC heap after
Heap after GC invocations=27 (full 6):
 PSYoungGen      total 254208K, used 7167K [0x9ddc0000, 0xb3140000, 0xb3340000)
  eden space 220672K, 0% used [0x9ddc0000,0x9ddc0000,0xab540000)
  from space 33536K, 21% used [0xab540000,0xabc3ff28,0xad600000)
  to   space 62976K, 0% used [0xaf3c0000,0xaf3c0000,0xb3140000)
 ParOldGen       total 518656K, used 397069K [0x73340000, 0x92dc0000, 0x9ddc0000)
  object space 518656K, 76% used [0x73340000,0x8b703418,0x92dc0000)
 PSPermGen       total 16384K, used 4438K [0x6b340000, 0x6c340000, 0x73340000)
  object space 16384K, 27% used [0x6b340000,0x6b795b10,0x6c340000)
}
Event: 92.037 GC heap before
{Heap before GC invocations=28 (full 6):
 PSYoungGen      total 254208K, used 227839K [0x9ddc0000, 0xb3140000, 0xb3340000)
  eden space 220672K, 100% used [0x9ddc0000,0xab540000,0xab540000)
  from space 33536K, 21% used [0xab540000,0xabc3ff28,0xad600000)
  to   space 62976K, 0% used [0xaf3c0000,0xaf3c0000,0xb3140000)
 ParOldGen       total 518656K, used 397069K [0x73340000, 0x92dc0000, 0x9ddc0000)
  object space 518656K, 76% used [0x73340000,0x8b703418,0x92dc0000)
 PSPermGen       total 16384K, used 4438K [0x6b340000, 0x6c340000, 0x73340000)
  object space 16384K, 27% used [0x6b340000,0x6b795bc0,0x6c340000)
Event: 92.290 GC heap after
Heap after GC invocations=28 (full 6):
 PSYoungGen      total 237568K, used 62961K [0x9ddc0000, 0xb3340000, 0xb3340000)
  eden space 174592K, 0% used [0x9ddc0000,0x9ddc0000,0xa8840000)
  from space 62976K, 99% used [0xaf3c0000,0xb313c5f0,0xb3140000)
  to   space 87552K, 0% used [0xa8840000,0xa8840000,0xaddc0000)
 ParOldGen       total 518656K, used 438526K [0x73340000, 0x92dc0000, 0x9ddc0000)
  object space 518656K, 84% used [0x73340000,0x8df7f810,0x92dc0000)
 PSPermGen       total 16384K, used 4438K [0x6b340000, 0x6c340000, 0x73340000)
  object space 16384K, 27% used [0x6b340000,0x6b795bc0,0x6c340000)
}
Event: 92.611 GC heap before
{Heap before GC invocations=29 (full 6):
 PSYoungGen      total 237568K, used 237553K [0x9ddc0000, 0xb3340000, 0xb3340000)
  eden space 174592K, 100% used [0x9ddc0000,0xa8840000,0xa8840000)
  from space 62976K, 99% used [0xaf3c0000,0xb313c5f0,0xb3140000)
  to   space 87552K, 0% used [0xa8840000,0xa8840000,0xaddc0000)
 ParOldGen       total 518656K, used 438526K [0x73340000, 0x92dc0000, 0x9ddc0000)
  object space 518656K, 84% used [0x73340000,0x8df7f810,0x92dc0000)
 PSPermGen       total 16384K, used 4438K [0x6b340000, 0x6c340000, 0x73340000)
  object space 16384K, 27% used [0x6b340000,0x6b795bd0,0x6c340000)
Event: 96.372 GC heap after
Heap after GC invocations=29 (full 6):
 PSYoungGen      total 262144K, used 87543K [0x9ddc0000, 0xb3340000, 0xb3340000)
  eden space 174592K, 0% used [0x9ddc0000,0x9ddc0000,0xa8840000)
  from space 87552K, 99% used [0xa8840000,0xaddbdc08,0xaddc0000)
  to   space 87552K, 0% used [0xaddc0000,0xaddc0000,0xb3340000)
 ParOldGen       total 518656K, used 506506K [0x73340000, 0x92dc0000, 0x9ddc0000)
  object space 518656K, 97% used [0x73340000,0x921e29a0,0x92dc0000)
 PSPermGen       total 16384K, used 4438K [0x6b340000, 0x6c340000, 0x73340000)
  object space 16384K, 27% used [0x6b340000,0x6b795bd0,0x6c340000)
}
Event: 96.372 GC heap before
{Heap before GC invocations=30 (full 7):
 PSYoungGen      total 262144K, used 87543K [0x9ddc0000, 0xb3340000, 0xb3340000)
  eden space 174592K, 0% used [0x9ddc0000,0x9ddc0000,0xa8840000)
  from space 87552K, 99% used [0xa8840000,0xaddbdc08,0xaddc0000)
  to   space 87552K, 0% used [0xaddc0000,0xaddc0000,0xb3340000)
 ParOldGen       total 518656K, used 506506K [0x73340000, 0x92dc0000, 0x9ddc0000)
  object space 518656K, 97% used [0x73340000,0x921e29a0,0x92dc0000)
 PSPermGen       total 16384K, used 4438K [0x6b340000, 0x6c340000, 0x73340000)
  object space 16384K, 27% used [0x6b340000,0x6b795bd0,0x6c340000)

Deoptimization events (10 events):
Event: 92.314 Thread 0x67f7d800 Uncommon trap: reason=class_check action=maybe_recompile pc=0xb34d3e90 method=com.android.dx.ssa.back.InterferenceGraph.mergeInterferenceSet(ILcom/android/dx/util/IntSet;)V @ 20
Event: 92.314 Thread 0x67f7d800 Uncommon trap: reason=class_check action=maybe_recompile pc=0xb36679a0 method=com.android.dx.util.BitIntSet.merge(Lcom/android/dx/util/IntSet;)V @ 1
Event: 92.315 Thread 0x67f7d800 Uncommon trap: reason=class_check action=maybe_recompile pc=0xb3546778 method=com.android.dx.ssa.back.InterferenceGraph.mergeInterferenceSet(ILcom/android/dx/util/IntSet;)V @ 20
Event: 92.315 Thread 0x67f7d800 Uncommon trap: reason=class_check action=maybe_recompile pc=0xb36679a0 method=com.android.dx.util.BitIntSet.merge(Lcom/android/dx/util/IntSet;)V @ 1
Event: 92.315 Thread 0x67f7d800 Uncommon trap: reason=class_check action=maybe_recompile pc=0xb3546778 method=com.android.dx.ssa.back.InterferenceGraph.mergeInterferenceSet(ILcom/android/dx/util/IntSet;)V @ 20
Event: 92.315 Thread 0x67f7d800 Uncommon trap: reason=class_check action=maybe_recompile pc=0xb36679a0 method=com.android.dx.util.BitIntSet.merge(Lcom/android/dx/util/IntSet;)V @ 1
Event: 92.334 Thread 0x67f7d800 Uncommon trap: reason=class_check action=maybe_recompile pc=0xb3546778 method=com.android.dx.ssa.back.InterferenceGraph.mergeInterferenceSet(ILcom/android/dx/util/IntSet;)V @ 20
Event: 92.334 Thread 0x67f7d800 Uncommon trap: reason=class_check action=maybe_recompile pc=0xb36679a0 method=com.android.dx.util.BitIntSet.merge(Lcom/android/dx/util/IntSet;)V @ 1
Event: 92.334 Thread 0x67f7d800 Uncommon trap: reason=class_check action=maybe_recompile pc=0xb366a064 method=com.android.dx.ssa.back.InterferenceGraph.mergeInterferenceSet(ILcom/android/dx/util/IntSet;)V @ 20
Event: 92.559 Thread 0x67fe3c00 Uncommon trap: reason=predicate action=maybe_recompile pc=0xb351b188 method=com.android.dx.ssa.back.InterferenceGraph.<init>(I)V @ 23

Internal exceptions (10 events):
Event: 23.159 Thread 0x67fe2400 Implicit null exception at 0xb364dcdc to 0xb3655f19
Event: 35.394 Thread 0x67fe0c00 Implicit null exception at 0xb37764d4 to 0xb3777631
Event: 38.572 Thread 0xb6407c00 Threw 0xa25e0930 at /build/openjdk-7-EUuUjL/openjdk-7-7u95-2.6.4/build/openjdk/hotspot/src/share/vm/prims/jvm.cpp:1322
Event: 46.872 Thread 0x67f7d800 Threw 0xa3d36e78 at /build/openjdk-7-EUuUjL/openjdk-7-7u95-2.6.4/build/openjdk/hotspot/src/share/vm/prims/jvm.cpp:1322
Event: 47.190 Thread 0x67f7d800 Implicit null exception at 0xb34ca239 to 0xb34cad59
Event: 47.190 Thread 0x67f7d800 Implicit null exception at 0xb366f2f3 to 0xb366f53d
Event: 47.209 Thread 0x67fe3c00 Implicit null exception at 0xb34792e1 to 0xb3479509
Event: 47.209 Thread 0x67fe3c00 Implicit null exception at 0xb352e3d9 to 0xb352e4d5
Event: 87.789 Thread 0x67fe3c00 Threw 0x9f043858 at /build/openjdk-7-EUuUjL/openjdk-7-7u95-2.6.4/build/openjdk/hotspot/src/share/vm/prims/jvm.cpp:1322
Event: 88.404 Thread 0x67fe3c00 Threw 0x9f09dad8 at /build/openjdk-7-EUuUjL/openjdk-7-7u95-2.6.4/build/openjdk/hotspot/src/share/vm/prims/jvm.cpp:1322

Events (10 events):
Event: 92.334 Thread 0x67f7d800 Uncommon trap: trap_request=0xffffffde fr.pc=0xb36679a0
Event: 92.334 Thread 0x67f7d800 DEOPT PACKING pc=0xb36679a0 sp=0x67668af0
Event: 92.334 Thread 0x67f7d800 DEOPT UNPACKING pc=0xb342cbc8 sp=0x67668ad8 mode 2
Event: 92.334 Thread 0x67f7d800 Uncommon trap: trap_request=0xffffffde fr.pc=0xb366a064
Event: 92.334 Thread 0x67f7d800 DEOPT PACKING pc=0xb366a064 sp=0x67668b20
Event: 92.334 Thread 0x67f7d800 DEOPT UNPACKING pc=0xb342cbc8 sp=0x67668b10 mode 2
Event: 92.559 Thread 0x67fe3c00 Uncommon trap: trap_request=0xffffff86 fr.pc=0xb351b188
Event: 92.559 Thread 0x67fe3c00 DEOPT PACKING pc=0xb351b188 sp=0x67524b90
Event: 92.559 Thread 0x67fe3c00 DEOPT UNPACKING pc=0xb342cbc8 sp=0x67524b94 mode 2
Event: 92.609 Executing VM operation: ParallelGCFailedAllocation


Dynamic libraries:
08048000-08049000 r-xp 00000000 08:01 14947556   /usr/lib/jvm/java-7-openjdk-i386/jre/bin/java
08049000-0804a000 r--p 00000000 08:01 14947556   /usr/lib/jvm/java-7-openjdk-i386/jre/bin/java
0804a000-0804b000 rw-p 00001000 08:01 14947556   /usr/lib/jvm/java-7-openjdk-i386/jre/bin/java
081cb000-08dcc000 rw-p 00000000 00:00 0          [heap]
66100000-66300000 rw-p 00000000 00:00 0 
66300000-663f9000 rw-p 00000000 00:00 0 
663f9000-66400000 ---p 00000000 00:00 0 
66400000-66500000 rw-p 00000000 00:00 0 
66500000-665f9000 rw-p 00000000 00:00 0 
665f9000-66600000 ---p 00000000 00:00 0 
66600000-666e1000 rw-p 00000000 00:00 0 
666e1000-66700000 ---p 00000000 00:00 0 
66700000-667fe000 rw-p 00000000 00:00 0 
667fe000-66800000 ---p 00000000 00:00 0 
66900000-66af3000 rw-p 00000000 00:00 0 
66af3000-66b00000 ---p 00000000 00:00 0 
66b00000-66bed000 rw-p 00000000 00:00 0 
66bed000-66c00000 ---p 00000000 00:00 0 
66c00000-66d00000 rw-p 00000000 00:00 0 
66d00000-66df7000 rw-p 00000000 00:00 0 
66df7000-66e00000 ---p 00000000 00:00 0 
66e00000-66efb000 rw-p 00000000 00:00 0 
66efb000-66f00000 ---p 00000000 00:00 0 
66f00000-67000000 rw-p 00000000 00:00 0 
67100000-671fd000 rw-p 00000000 00:00 0 
671fd000-67200000 ---p 00000000 00:00 0 
67200000-672fa000 rw-p 00000000 00:00 0 
672fa000-67300000 ---p 00000000 00:00 0 
67300000-673d4000 rw-p 00000000 00:00 0 
673d4000-67400000 ---p 00000000 00:00 0 
674d5000-674d8000 ---p 00000000 00:00 0 
674d8000-67526000 rw-p 00000000 00:00 0          [stack:14113]
67526000-67529000 ---p 00000000 00:00 0 
67529000-67577000 rw-p 00000000 00:00 0          [stack:14112]
67577000-6757a000 ---p 00000000 00:00 0 
6757a000-675c8000 rw-p 00000000 00:00 0          [stack:14111]
675c8000-675cb000 ---p 00000000 00:00 0 
675cb000-67619000 rw-p 00000000 00:00 0          [stack:14110]
67619000-6761c000 ---p 00000000 00:00 0 
6761c000-6766a000 rw-p 00000000 00:00 0          [stack:14109]
6766a000-676a6000 r-xp 00000000 08:01 13632519   /lib/i386-linux-gnu/libpcre.so.3.13.1
676a6000-676a7000 r--p 0003b000 08:01 13632519   /lib/i386-linux-gnu/libpcre.so.3.13.1
676a7000-676a8000 rw-p 0003c000 08:01 13632519   /lib/i386-linux-gnu/libpcre.so.3.13.1
676a8000-676bb000 r-xp 00000000 08:01 13635876   /lib/i386-linux-gnu/libresolv-2.19.so
676bb000-676bc000 ---p 00013000 08:01 13635876   /lib/i386-linux-gnu/libresolv-2.19.so
676bc000-676bd000 r--p 00013000 08:01 13635876   /lib/i386-linux-gnu/libresolv-2.19.so
676bd000-676be000 rw-p 00014000 08:01 13635876   /lib/i386-linux-gnu/libresolv-2.19.so
676be000-676c0000 rw-p 00000000 00:00 0 
676c0000-676e0000 r-xp 00000000 08:01 13632631   /lib/i386-linux-gnu/libselinux.so.1
676e0000-676e1000 r--p 0001f000 08:01 13632631   /lib/i386-linux-gnu/libselinux.so.1
676e1000-676e2000 rw-p 00020000 08:01 13632631   /lib/i386-linux-gnu/libselinux.so.1
676e2000-676e3000 rw-p 00000000 00:00 0 
676e3000-677ed000 r-xp 00000000 08:01 13635724   /lib/i386-linux-gnu/libglib-2.0.so.0.4002.0
677ed000-677ee000 r--p 00109000 08:01 13635724   /lib/i386-linux-gnu/libglib-2.0.so.0.4002.0
677ee000-677ef000 rw-p 0010a000 08:01 13635724   /lib/i386-linux-gnu/libglib-2.0.so.0.4002.0
677ef000-6783f000 r-xp 00000000 08:01 14947260   /usr/lib/i386-linux-gnu/libgobject-2.0.so.0.4002.0
6783f000-67840000 r--p 0004f000 08:01 14947260   /usr/lib/i386-linux-gnu/libgobject-2.0.so.0.4002.0
67840000-67841000 rw-p 00050000 08:01 14947260   /usr/lib/i386-linux-gnu/libgobject-2.0.so.0.4002.0
67841000-679be000 r-xp 00000000 08:01 14947264   /usr/lib/i386-linux-gnu/libgio-2.0.so.0.4002.0
679be000-679c0000 r--p 0017d000 08:01 14947264   /usr/lib/i386-linux-gnu/libgio-2.0.so.0.4002.0
679c0000-679c1000 rw-p 0017f000 08:01 14947264   /usr/lib/i386-linux-gnu/libgio-2.0.so.0.4002.0
679c1000-679c2000 rw-p 00000000 00:00 0 
679d7000-679ef000 r-xp 00000000 08:01 14948482   /usr/lib/jvm/java-7-openjdk-i386/jre/lib/i386/libnet.so
679ef000-679f0000 r--p 00017000 08:01 14948482   /usr/lib/jvm/java-7-openjdk-i386/jre/lib/i386/libnet.so
679f0000-679f1000 rw-p 00018000 08:01 14948482   /usr/lib/jvm/java-7-openjdk-i386/jre/lib/i386/libnet.so
679f1000-67a02000 r-xp 00000000 08:01 14948236   /usr/lib/jvm/java-7-openjdk-i386/jre/lib/i386/libnio.so
67a02000-67a03000 r--p 00010000 08:01 14948236   /usr/lib/jvm/java-7-openjdk-i386/jre/lib/i386/libnio.so
67a03000-67a04000 rw-p 00011000 08:01 14948236   /usr/lib/jvm/java-7-openjdk-i386/jre/lib/i386/libnio.so
67a04000-67adb000 r--s 008fa000 08:01 1845961    /home/user/AndroidStudioProjects/classMates/app/build/intermediates/transforms/jarMerging/debug/jars/1/1f/combined.jar
67adb000-67adc000 ---p 00000000 00:00 0 
67adc000-67b5c000 rw-p 00000000 00:00 0          [stack:14106]
67b5c000-67b5f000 ---p 00000000 00:00 0 
67b5f000-67bad000 rw-p 00000000 00:00 0          [stack:14105]
67bad000-67bb0000 ---p 00000000 00:00 0 
67bb0000-67c2e000 rw-p 00000000 00:00 0          [stack:14104]
67c2e000-67c31000 ---p 00000000 00:00 0 
67c31000-67caf000 rw-p 00000000 00:00 0          [stack:14103]
67caf000-67cb2000 ---p 00000000 00:00 0 
67cb2000-67d00000 rw-p 00000000 00:00 0          [stack:14102]
67d00000-67f00000 r--p 00000000 08:01 14950563   /usr/lib/locale/locale-archive
67f00000-68000000 rw-p 00000000 00:00 0 
6802c000-6802f000 ---p 00000000 00:00 0 
6802f000-6807d000 rw-p 00000000 00:00 0          [stack:14101]
6807d000-68080000 ---p 00000000 00:00 0 
68080000-680ce000 rw-p 00000000 00:00 0          [stack:14100]
680ce000-68280000 r--s 01d2f000 08:01 14948612   /usr/lib/jvm/java-7-openjdk-i386/jre/lib/rt.jar
68280000-6ab00000 rw-p 00000000 00:00 0 
6ab00000-6abfa000 rw-p 00000000 00:00 0 
6abfa000-6ac00000 ---p 00000000 00:00 0 
6ac05000-6ac0a000 r-xp 00000000 08:01 14946000   /usr/lib/i386-linux-gnu/libffi.so.6.0.1
6ac0a000-6ac0b000 r--p 00005000 08:01 14946000   /usr/lib/i386-linux-gnu/libffi.so.6.0.1
6ac0b000-6ac0c000 rw-p 00006000 08:01 14946000   /usr/lib/i386-linux-gnu/libffi.so.6.0.1
6ac0c000-6ac0f000 r-xp 00000000 08:01 14947265   /usr/lib/i386-linux-gnu/libgmodule-2.0.so.0.4002.0
6ac0f000-6ac10000 r--p 00002000 08:01 14947265   /usr/lib/i386-linux-gnu/libgmodule-2.0.so.0.4002.0
6ac10000-6ac11000 rw-p 00003000 08:01 14947265   /usr/lib/i386-linux-gnu/libgmodule-2.0.so.0.4002.0
6ac11000-6ac20000 r--s 000df000 08:01 10756869   /home/user/adt-bundle-linux-x86-20130729/sdk/build-tools/23.0.3/lib/dx.jar
6ac20000-6ac24000 r--s 00085000 08:01 14948788   /usr/lib/jvm/java-7-openjdk-i386/jre/lib/ext/localedata.jar
6ac24000-6ac25000 ---p 00000000 00:00 0 
6ac25000-6ad00000 rw-p 00000000 00:00 0          [stack:14099]
6ad00000-6ad3c000 rw-p 00000000 00:00 0 
6ad3c000-6ae00000 ---p 00000000 00:00 0 
6ae00000-6ae03000 r--s 0000f000 08:01 14949381   /usr/lib/jvm/java-7-openjdk-i386/jre/lib/ext/icedtea-sound.jar
6ae03000-6ae67000 rw-p 00000000 00:00 0 
6ae67000-6ae68000 ---p 00000000 00:00 0 
6ae68000-6aee8000 rw-p 00000000 00:00 0          [stack:14098]
6aee8000-6aee9000 ---p 00000000 00:00 0 
6aee9000-6af71000 rw-p 00000000 00:00 0          [stack:14097]
6af71000-6afa9000 rw-p 00000000 00:00 0 
6afa9000-6b0a7000 rw-p 00000000 00:00 0 
6b0a7000-6b0ff000 rw-p 00000000 00:00 0 
6b0ff000-6b107000 rw-p 00000000 00:00 0 
6b107000-6b13f000 rw-p 00000000 00:00 0 
6b13f000-6b23d000 rw-p 00000000 00:00 0 
6b23d000-6b294000 rw-p 00000000 00:00 0 
6b294000-6b33f000 rw-p 00000000 00:00 0 
6b33f000-6c340000 rw-p 00000000 00:00 0 
6c340000-73340000 rw-p 00000000 00:00 0 
73340000-92dc0000 rw-p 00000000 00:00 0 
9ba00000-9ddc0000 rw-p 00000000 00:00 0 
9ddc0000-b3340000 rw-p 00000000 00:00 0 
b3340000-b3351000 rw-p 00000000 00:00 0 
b3351000-b3400000 rw-p 00000000 00:00 0 
b3400000-b3810000 rwxp 00000000 00:00 0 
b3810000-b64fd000 rw-p 00000000 00:00 0 
b64fd000-b6500000 ---p 00000000 00:00 0 
b6502000-b6506000 r--s 0003c000 08:01 14949361   /usr/lib/jvm/java-7-openjdk-i386/jre/lib/ext/sunpkcs11.jar
b6506000-b650a000 r--s 00034000 08:01 14949305   /usr/lib/jvm/java-7-openjdk-i386/jre/lib/ext/sunjce_provider.jar
b650a000-b6515000 r-xp 00000000 08:01 13635878   /lib/i386-linux-gnu/libnss_files-2.19.so
b6515000-b6516000 r--p 0000a000 08:01 13635878   /lib/i386-linux-gnu/libnss_files-2.19.so
b6516000-b6517000 rw-p 0000b000 08:01 13635878   /lib/i386-linux-gnu/libnss_files-2.19.so
b6517000-b6521000 r-xp 00000000 08:01 13631584   /lib/i386-linux-gnu/libnss_nis-2.19.so
b6521000-b6522000 r--p 00009000 08:01 13631584   /lib/i386-linux-gnu/libnss_nis-2.19.so
b6522000-b6523000 rw-p 0000a000 08:01 13631584   /lib/i386-linux-gnu/libnss_nis-2.19.so
b6523000-b6538000 r-xp 00000000 08:01 13631585   /lib/i386-linux-gnu/libnsl-2.19.so
b6538000-b6539000 r--p 00015000 08:01 13631585   /lib/i386-linux-gnu/libnsl-2.19.so
b6539000-b653a000 rw-p 00016000 08:01 13631585   /lib/i386-linux-gnu/libnsl-2.19.so
b653a000-b653c000 rw-p 00000000 00:00 0 
b653c000-b6543000 r-xp 00000000 08:01 13631590   /lib/i386-linux-gnu/libnss_compat-2.19.so
b6543000-b6544000 r--p 00006000 08:01 13631590   /lib/i386-linux-gnu/libnss_compat-2.19.so
b6544000-b6545000 rw-p 00007000 08:01 13631590   /lib/i386-linux-gnu/libnss_compat-2.19.so
b6545000-b6546000 r--s 00002000 08:01 14949379   /usr/lib/jvm/java-7-openjdk-i386/jre/lib/ext/dnsns.jar
b6546000-b6548000 r--s 00012000 08:01 14949356   /usr/lib/jvm/java-7-openjdk-i386/jre/lib/ext/zipfs.jar
b6548000-b6550000 r-xp 00000000 08:01 14948210   /usr/lib/jvm/java-7-openjdk-i386/jre/lib/i386/libzip.so
b6550000-b6551000 r--p 00007000 08:01 14948210   /usr/lib/jvm/java-7-openjdk-i386/jre/lib/i386/libzip.so
b6551000-b6552000 rw-p 00008000 08:01 14948210   /usr/lib/jvm/java-7-openjdk-i386/jre/lib/i386/libzip.so
b6552000-b655a000 rw-s 00000000 08:01 1197710    /tmp/hsperfdata_user/14092
b655a000-b6581000 r-xp 00000000 08:01 14948425   /usr/lib/jvm/java-7-openjdk-i386/jre/lib/i386/libjava.so
b6581000-b6582000 r--p 00026000 08:01 14948425   /usr/lib/jvm/java-7-openjdk-i386/jre/lib/i386/libjava.so
b6582000-b6583000 rw-p 00027000 08:01 14948425   /usr/lib/jvm/java-7-openjdk-i386/jre/lib/i386/libjava.so
b6583000-b658a000 r-xp 00000000 08:01 13635879   /lib/i386-linux-gnu/librt-2.19.so
b658a000-b658b000 r--p 00006000 08:01 13635879   /lib/i386-linux-gnu/librt-2.19.so
b658b000-b658c000 rw-p 00007000 08:01 13635879   /lib/i386-linux-gnu/librt-2.19.so
b658c000-b658f000 ---p 00000000 00:00 0 
b658f000-b65dd000 rw-p 00000000 00:00 0          [stack:14096]
b65dd000-b65f9000 r-xp 00000000 08:01 13631517   /lib/i386-linux-gnu/libgcc_s.so.1
b65f9000-b65fa000 rw-p 0001b000 08:01 13631517   /lib/i386-linux-gnu/libgcc_s.so.1
b65fa000-b663e000 r-xp 00000000 08:01 13631589   /lib/i386-linux-gnu/libm-2.19.so
b663e000-b663f000 r--p 00043000 08:01 13631589   /lib/i386-linux-gnu/libm-2.19.so
b663f000-b6640000 rw-p 00044000 08:01 13631589   /lib/i386-linux-gnu/libm-2.19.so
b6640000-b671c000 r-xp 00000000 08:01 14945954   /usr/lib/i386-linux-gnu/libstdc++.so.6.0.19
b671c000-b6720000 r--p 000dc000 08:01 14945954   /usr/lib/i386-linux-gnu/libstdc++.so.6.0.19
b6720000-b6721000 rw-p 000e0000 08:01 14945954   /usr/lib/i386-linux-gnu/libstdc++.so.6.0.19
b6721000-b6728000 rw-p 00000000 00:00 0 
b6728000-b711f000 r-xp 00000000 08:01 14948212   /usr/lib/jvm/java-7-openjdk-i386/jre/lib/i386/server/libjvm.so
b711f000-b7171000 r--p 009f7000 08:01 14948212   /usr/lib/jvm/java-7-openjdk-i386/jre/lib/i386/server/libjvm.so
b7171000-b7185000 rw-p 00a49000 08:01 14948212   /usr/lib/jvm/java-7-openjdk-i386/jre/lib/i386/server/libjvm.so
b7185000-b75a3000 rw-p 00000000 00:00 0 
b75a3000-b75bb000 r-xp 00000000 08:01 13632664   /lib/i386-linux-gnu/libz.so.1.2.8
b75bb000-b75bc000 r--p 00017000 08:01 13632664   /lib/i386-linux-gnu/libz.so.1.2.8
b75bc000-b75bd000 rw-p 00018000 08:01 13632664   /lib/i386-linux-gnu/libz.so.1.2.8
b75bd000-b75d5000 r-xp 00000000 08:01 13635721   /lib/i386-linux-gnu/libpthread-2.19.so
b75d5000-b75d6000 r--p 00018000 08:01 13635721   /lib/i386-linux-gnu/libpthread-2.19.so
b75d6000-b75d7000 rw-p 00019000 08:01 13635721   /lib/i386-linux-gnu/libpthread-2.19.so
b75d7000-b75d9000 rw-p 00000000 00:00 0 
b75d9000-b75dc000 r-xp 00000000 08:01 13631582   /lib/i386-linux-gnu/libdl-2.19.so
b75dc000-b75dd000 r--p 00002000 08:01 13631582   /lib/i386-linux-gnu/libdl-2.19.so
b75dd000-b75de000 rw-p 00003000 08:01 13631582   /lib/i386-linux-gnu/libdl-2.19.so
b75de000-b7786000 r-xp 00000000 08:01 13631581   /lib/i386-linux-gnu/libc-2.19.so
b7786000-b7788000 r--p 001a8000 08:01 13631581   /lib/i386-linux-gnu/libc-2.19.so
b7788000-b7789000 rw-p 001aa000 08:01 13631581   /lib/i386-linux-gnu/libc-2.19.so
b7789000-b778c000 rw-p 00000000 00:00 0 
b778c000-b778e000 r--s 00006000 08:01 393877     /usr/share/java/java-atk-wrapper.jar
b778e000-b778f000 r--p 00850000 08:01 14950563   /usr/lib/locale/locale-archive
b778f000-b7790000 rw-p 00000000 00:00 0 
b7790000-b7791000 ---p 00000000 00:00 0 
b7791000-b779f000 r-xp 00000000 08:01 14948232   /usr/lib/jvm/java-7-openjdk-i386/jre/lib/i386/libverify.so
b779f000-b77a0000 r--p 0000d000 08:01 14948232   /usr/lib/jvm/java-7-openjdk-i386/jre/lib/i386/libverify.so
b77a0000-b77a1000 rw-p 0000e000 08:01 14948232   /usr/lib/jvm/java-7-openjdk-i386/jre/lib/i386/libverify.so
b77a1000-b77ad000 r-xp 00000000 08:01 14948131   /usr/lib/jvm/java-7-openjdk-i386/jre/lib/i386/jli/libjli.so
b77ad000-b77ae000 r--p 0000c000 08:01 14948131   /usr/lib/jvm/java-7-openjdk-i386/jre/lib/i386/jli/libjli.so
b77ae000-b77af000 rw-p 0000d000 08:01 14948131   /usr/lib/jvm/java-7-openjdk-i386/jre/lib/i386/jli/libjli.so
b77af000-b77b2000 rw-p 00000000 00:00 0 
b77b2000-b77b3000 r-xp 00000000 00:00 0          [vdso]
b77b3000-b77d3000 r-xp 00000000 08:01 13631583   /lib/i386-linux-gnu/ld-2.19.so
b77d3000-b77d4000 r--p 0001f000 08:01 13631583   /lib/i386-linux-gnu/ld-2.19.so
b77d4000-b77d5000 rw-p 00020000 08:01 13631583   /lib/i386-linux-gnu/ld-2.19.so
bfe22000-bfe23000 rwxp 00000000 00:00 0 
bfe55000-bfe76000 rw-p 00000000 00:00 0          [stack]

VM Arguments:
jvm_args: -Djava.awt.headless=true -Xmx1024M -Dfile.encoding=UTF-8 -Duser.country=IN -Duser.language=en -Duser.variant 
java_command: com.android.dx.command.Main --dex --num-threads=4 --multi-dex --main-dex-list /home/user/AndroidStudioProjects/classMates/app/build/intermediates/multi-dex/debug/maindexlist.txt --output /home/user/AndroidStudioProjects/classMates/app/build/intermediates/transforms/dex/debug/folders/1000/1f/main /home/user/AndroidStudioProjects/classMates/app/build/intermediates/transforms/jarMerging/debug/jars/1/1f/combined.jar
Launcher Type: SUN_STANDARD

Environment Variables:
PATH=/usr/local/sbin:/usr/local/bin:/usr/sbin:/usr/bin:/sbin:/bin:/usr/games:/usr/local/games
LD_LIBRARY_PATH=/home/user/android-studio/bin:
SHELL=/bin/bash
DISPLAY=:0

Signal Handlers:
SIGSEGV: [libjvm.so+0x813b10], sa_mask[0]=0x7ffbfeff, sa_flags=0x10000004
SIGBUS: [libjvm.so+0x813b10], sa_mask[0]=0x7ffbfeff, sa_flags=0x10000004
SIGFPE: [libjvm.so+0x6893f0], sa_mask[0]=0x7ffbfeff, sa_flags=0x10000004
SIGPIPE: [libjvm.so+0x6893f0], sa_mask[0]=0x7ffbfeff, sa_flags=0x10000004
SIGXFSZ: [libjvm.so+0x6893f0], sa_mask[0]=0x7ffbfeff, sa_flags=0x10000004
SIGILL: [libjvm.so+0x6893f0], sa_mask[0]=0x7ffbfeff, sa_flags=0x10000004
SIGUSR1: SIG_DFL, sa_mask[0]=0x00000000, sa_flags=0x00000000
SIGUSR2: [libjvm.so+0x689280], sa_mask[0]=0x00000004, sa_flags=0x10000004
SIGHUP: [libjvm.so+0x6894b0], sa_mask[0]=0x7ffbfeff, sa_flags=0x10000004
SIGINT: [libjvm.so+0x6894b0], sa_mask[0]=0x7ffbfeff, sa_flags=0x10000004
SIGTERM: [libjvm.so+0x6894b0], sa_mask[0]=0x7ffbfeff, sa_flags=0x10000004
SIGQUIT: [libjvm.so+0x6894b0], sa_mask[0]=0x7ffbfeff, sa_flags=0x10000004
SIGTRAP: SIG_DFL, sa_mask[0]=0x00000000, sa_flags=0x00000000


---------------  S Y S T E M  ---------------

OS:Ubuntu 14.04 (trusty)
uname:Linux 3.13.0-76-generic #120-Ubuntu SMP Mon Jan 18 15:58:41 UTC 2016 i686
libc:glibc 2.19 NPTL 2.19 
rlimit: STACK 8192k, CORE 0k, NPROC 31229, NOFILE 4096, AS infinity
load average:7.19 4.56 2.56

/proc/meminfo:
MemTotal:        4016568 kB
MemFree:          168876 kB
Buffers:            1452 kB
Cached:           477528 kB
SwapCached:        56580 kB
Active:          2809752 kB
Inactive:         934160 kB
Active(anon):    2780780 kB
Inactive(anon):   912652 kB
Active(file):      28972 kB
Inactive(file):    21508 kB
Unevictable:          48 kB
Mlocked:              48 kB
HighTotal:       3163656 kB
HighFree:          13216 kB
LowTotal:         852912 kB
LowFree:          155660 kB
SwapTotal:       1975292 kB
SwapFree:           4740 kB
Dirty:               208 kB
Writeback:           720 kB
AnonPages:       3208744 kB
Mapped:            90532 kB
Shmem:            428468 kB
Slab:              43336 kB
SReclaimable:      20596 kB
SUnreclaim:        22740 kB
KernelStack:        5640 kB
PageTables:        27420 kB
NFS_Unstable:          0 kB
Bounce:              204 kB
WritebackTmp:          0 kB
CommitLimit:     3983576 kB
Committed_AS:   13447100 kB
VmallocTotal:     122880 kB
VmallocUsed:       14196 kB
VmallocChunk:     100488 kB
HardwareCorrupted:     0 kB
AnonHugePages:   1501184 kB
HugePages_Total:       0
HugePages_Free:        0
HugePages_Rsvd:        0
HugePages_Surp:        0
Hugepagesize:       2048 kB
DirectMap4k:       24568 kB
DirectMap2M:      886784 kB


CPU:total 2 (2 cores per cpu, 1 threads per core) family 6 model 58 stepping 9, cmov, cx8, fxsr, mmx, sse, sse2, sse3, ssse3, sse4.1, sse4.2, popcnt, erms, tsc, tscinvbit, tscinv

/proc/cpuinfo:
processor	: 0
vendor_id	: GenuineIntel
cpu family	: 6
model		: 58
model name	: Intel(R) Pentium(R) CPU G2010 @ 2.80GHz
stepping	: 9
microcode	: 0x17
cpu MHz		: 2800.000
cache size	: 3072 KB
physical id	: 0
siblings	: 2
core id		: 0
cpu cores	: 2
apicid		: 0
initial apicid	: 0
fdiv_bug	: no
f00f_bug	: no
coma_bug	: no
fpu		: yes
fpu_exception	: yes
cpuid level	: 13
wp		: yes
flags		: fpu vme de pse tsc msr pae mce cx8 apic sep mtrr pge mca cmov pat pse36 clflush dts acpi mmx fxsr sse sse2 ss ht tm pbe nx rdtscp lm constant_tsc arch_perfmon pebs bts xtopology nonstop_tsc aperfmperf eagerfpu pni pclmulqdq dtes64 monitor ds_cpl vmx est tm2 ssse3 cx16 xtpr pdcm pcid sse4_1 sse4_2 popcnt tsc_deadline_timer xsave lahf_lm arat epb xsaveopt pln pts dtherm tpr_shadow vnmi flexpriority ept vpid fsgsbase smep erms
bogomips	: 5587.67
clflush size	: 64
cache_alignment	: 64
address sizes	: 36 bits physical, 48 bits virtual
power management:

processor	: 1
vendor_id	: GenuineIntel
cpu family	: 6
model		: 58
model name	: Intel(R) Pentium(R) CPU G2010 @ 2.80GHz
stepping	: 9
microcode	: 0x17
cpu MHz		: 2800.000
cache size	: 3072 KB
physical id	: 0
siblings	: 2
core id		: 1
cpu cores	: 2
apicid		: 2
initial apicid	: 2
fdiv_bug	: no
f00f_bug	: no
coma_bug	: no
fpu		: yes
fpu_exception	: yes
cpuid level	: 13
wp		: yes
flags		: fpu vme de pse tsc msr pae mce cx8 apic sep mtrr pge mca cmov pat pse36 clflush dts acpi mmx fxsr sse sse2 ss ht tm pbe nx rdtscp lm constant_tsc arch_perfmon pebs bts xtopology nonstop_tsc aperfmperf eagerfpu pni pclmulqdq dtes64 monitor ds_cpl vmx est tm2 ssse3 cx16 xtpr pdcm pcid sse4_1 sse4_2 popcnt tsc_deadline_timer xsave lahf_lm arat epb xsaveopt pln pts dtherm tpr_shadow vnmi flexpriority ept vpid fsgsbase smep erms
bogomips	: 5587.67
clflush size	: 64
cache_alignment	: 64
address sizes	: 36 bits physical, 48 bits virtual
power management:



Memory: 4k page, physical 4016568k(168876k free), swap 1975292k(4740k free)

vm_info: OpenJDK Server VM (24.95-b01) for linux-x86 JRE (1.7.0_95-b00), built on Jan 21 2016 03:37:15 by "buildd" with gcc 4.8.4

time: Fri Jul  8 15:32:47 2016
elapsed time: 100 seconds

